[2023-12-31 11:08:24 INFO]: Loading... (main:2058)
[2023-12-31 11:08:24 INFO]: load theme... (main:2722)
[2023-12-31 11:08:25 INFO]: Loaded! (main:3078)
[2023-12-31 11:09:11 INFO]: Loading... (main:1443)
[2023-12-31 11:09:12 INFO]: load theme... (main:1937)
[2023-12-31 11:09:12 INFO]: Loaded! (main:2147)
[2023-12-31 11:09:22 INFO]: Loading... (main:1339)
[2023-12-31 11:09:22 INFO]: load theme... (main:1849)
[2023-12-31 11:09:23 INFO]: Loaded! (main:2309)
[2023-12-31 11:10:21 INFO]: Loading... (main:1395)
[2023-12-31 11:10:21 INFO]: load theme... (main:1894)
[2023-12-31 11:10:21 INFO]: Loaded! (main:2233)
[2023-12-31 11:22:59 INFO]: Loading... (main:1293)
[2023-12-31 11:23:00 INFO]: load theme... (main:1786)
[2023-12-31 11:23:00 INFO]: Loaded! (main:2211)
[2023-12-31 11:23:25 INFO]: Loading... (main:1451)
[2023-12-31 11:23:25 INFO]: load theme... (main:1991)
[2023-12-31 11:23:26 INFO]: Loaded! (main:2477)
[2023-12-31 11:28:10 INFO]: Loading... (main:1660)
[2023-12-31 11:28:11 INFO]: load theme... (main:2258)
[2023-12-31 11:28:12 INFO]: Loaded! (main:3489)
[2023-12-31 11:28:40 INFO]: Loading... (main:1603)
[2023-12-31 11:28:41 INFO]: load theme... (main:2204)
[2023-12-31 11:28:41 INFO]: Loaded! (main:2642)
[2023-12-31 13:25:43 INFO]: Loading... (main:1820)
[2023-12-31 13:25:44 INFO]: load theme... (main:2611)
[2023-12-31 13:25:44 INFO]: Loaded! (main:3052)
[2023-12-31 13:26:33 INFO]: Loading... (main:1462)
[2023-12-31 13:26:33 INFO]: load theme... (main:1971)
[2023-12-31 13:26:34 INFO]: Loaded! (main:2468)
[2023-12-31 13:26:45 INFO]: Loading... (main:1335)
[2023-12-31 13:26:45 INFO]: load theme... (main:1832)
[2023-12-31 13:26:46 INFO]: Loaded! (main:2336)
[2023-12-31 13:28:27 INFO]: Loading... (main:1247)
[2023-12-31 13:28:27 INFO]: load theme... (main:1752)
[2023-12-31 13:28:28 INFO]: Loaded! (main:2140)
[2023-12-31 13:28:42 INFO]: Loading... (main:1361)
[2023-12-31 13:28:43 INFO]: load theme... (main:1914)
[2023-12-31 13:28:43 INFO]: Loaded! (main:2290)
[2023-12-31 13:29:52 INFO]: Loading... (main:1270)
[2023-12-31 13:29:53 INFO]: load theme... (main:1776)
[2023-12-31 13:29:53 INFO]: Loaded! (main:2237)
[2023-12-31 13:30:55 INFO]: Loading... (main:1358)
[2023-12-31 13:30:56 INFO]: load theme... (main:1897)
[2023-12-31 13:30:56 INFO]: Loaded! (main:2387)
[2023-12-31 13:31:37 INFO]: Loading... (main:1292)
[2023-12-31 13:31:37 INFO]: load theme... (main:1837)
[2023-12-31 13:31:38 INFO]: Loaded! (main:2297)
[2023-12-31 13:33:13 INFO]: Loading... (main:1353)
[2023-12-31 13:33:14 INFO]: load theme... (main:1887)
[2023-12-31 13:33:14 INFO]: Loaded! (main:2365)
[2023-12-31 13:33:35 INFO]: Loading... (main:1274)
[2023-12-31 13:33:35 INFO]: load theme... (main:1778)
[2023-12-31 13:33:36 INFO]: Loaded! (main:2372)
[2023-12-31 13:34:58 INFO]: Loading... (main:1241)
[2023-12-31 13:34:58 INFO]: load theme... (main:1795)
[2023-12-31 13:34:59 INFO]: Loaded! (main:2190)
[2023-12-31 13:35:54 INFO]: Loading... (main:1316)
[2023-12-31 13:35:55 INFO]: load theme... (main:1812)
[2023-12-31 13:35:55 INFO]: Loaded! (main:2274)
[2023-12-31 13:38:10 INFO]: Loading... (main:1280)
[2023-12-31 13:38:10 INFO]: load theme... (main:1804)
[2023-12-31 13:38:11 INFO]: Loaded! (main:2317)
[2023-12-31 13:49:32 INFO]: Loading... (main:1337)
[2023-12-31 13:49:32 INFO]: load theme... (main:1844)
[2023-12-31 13:49:33 INFO]: Loaded! (main:2244)
[2023-12-31 14:56:16 INFO]: Loading... (main:1302)
[2023-12-31 14:56:16 INFO]: load theme... (main:1849)
[2023-12-31 14:56:17 INFO]: Loaded! (main:2396)
[2023-12-31 14:56:17 INFO]: 0 (main:2396)
[2023-12-31 14:56:17 INFO]: 1 (main:2397)
[2023-12-31 14:56:17 INFO]: 2 (main:2398)
[2023-12-31 14:56:17 INFO]: 3 (main:2398)
[2023-12-31 14:56:17 INFO]: 4 (main:2398)
[2023-12-31 14:56:17 INFO]: 5 (main:2399)
[2023-12-31 14:56:17 INFO]: 6 (main:2399)
[2023-12-31 14:56:17 INFO]: 7 (main:2399)
[2023-12-31 14:56:17 INFO]: 8 (main:2399)
[2023-12-31 14:56:17 INFO]: 9 (main:2400)
[2023-12-31 14:56:17 INFO]: 10 (main:2400)
[2023-12-31 14:56:17 INFO]: 11 (main:2400)
[2023-12-31 14:56:17 INFO]: 12 (main:2400)
[2023-12-31 14:56:17 INFO]: 13 (main:2400)
[2023-12-31 14:56:17 INFO]: 14 (main:2400)
[2023-12-31 14:56:17 INFO]: 15 (main:2401)
[2023-12-31 14:56:17 INFO]: 16 (main:2401)
[2023-12-31 14:56:17 INFO]: 17 (main:2401)
[2023-12-31 14:56:17 INFO]: 18 (main:2401)
[2023-12-31 14:56:17 INFO]: 19 (main:2401)
[2023-12-31 14:56:17 INFO]: 20 (main:2402)
[2023-12-31 14:56:17 INFO]: 21 (main:2402)
[2023-12-31 14:56:17 INFO]: 22 (main:2402)
[2023-12-31 14:56:17 INFO]: 23 (main:2402)
[2023-12-31 14:56:17 INFO]: 24 (main:2402)
[2023-12-31 14:56:17 INFO]: 25 (main:2402)
[2023-12-31 14:56:17 INFO]: 26 (main:2402)
[2023-12-31 14:56:17 INFO]: 27 (main:2402)
[2023-12-31 14:56:17 INFO]: 28 (main:2403)
[2023-12-31 14:56:17 INFO]: 29 (main:2403)
[2023-12-31 14:56:17 INFO]: 30 (main:2403)
[2023-12-31 14:56:17 INFO]: 31 (main:2403)
[2023-12-31 14:56:17 INFO]: 32 (main:2403)
[2023-12-31 14:56:17 INFO]: 33 (main:2403)
[2023-12-31 14:56:17 INFO]: 34 (main:2403)
[2023-12-31 14:56:17 INFO]: 35 (main:2404)
[2023-12-31 14:56:17 INFO]: 36 (main:2404)
[2023-12-31 14:56:17 INFO]: 37 (main:2404)
[2023-12-31 14:56:17 INFO]: 38 (main:2404)
[2023-12-31 14:56:17 INFO]: 39 (main:2404)
[2023-12-31 14:56:17 INFO]: 40 (main:2405)
[2023-12-31 14:56:17 INFO]: 41 (main:2405)
[2023-12-31 14:56:17 INFO]: 42 (main:2405)
[2023-12-31 14:56:17 INFO]: 43 (main:2405)
[2023-12-31 14:56:17 INFO]: 44 (main:2405)
[2023-12-31 14:56:17 INFO]: 45 (main:2405)
[2023-12-31 14:56:17 INFO]: 46 (main:2406)
[2023-12-31 14:56:17 INFO]: 47 (main:2406)
[2023-12-31 14:56:17 INFO]: 48 (main:2406)
[2023-12-31 14:56:17 INFO]: 49 (main:2406)
[2023-12-31 14:56:17 INFO]: 50 (main:2406)
[2023-12-31 14:56:17 INFO]: 51 (main:2406)
[2023-12-31 14:56:17 INFO]: 52 (main:2406)
[2023-12-31 14:56:17 INFO]: 53 (main:2407)
[2023-12-31 14:56:17 INFO]: 54 (main:2407)
[2023-12-31 14:56:17 INFO]: 55 (main:2407)
[2023-12-31 14:56:17 INFO]: 56 (main:2407)
[2023-12-31 14:56:17 INFO]: 57 (main:2407)
[2023-12-31 14:56:17 INFO]: 58 (main:2407)
[2023-12-31 14:56:17 INFO]: 59 (main:2407)
[2023-12-31 14:56:17 INFO]: 60 (main:2408)
[2023-12-31 14:56:17 INFO]: 61 (main:2408)
[2023-12-31 14:56:17 INFO]: 62 (main:2408)
[2023-12-31 14:56:17 INFO]: 63 (main:2408)
[2023-12-31 14:56:17 INFO]: 64 (main:2408)
[2023-12-31 14:56:17 INFO]: 65 (main:2408)
[2023-12-31 14:56:17 INFO]: 66 (main:2409)
[2023-12-31 14:56:17 INFO]: 67 (main:2409)
[2023-12-31 14:56:17 INFO]: 68 (main:2409)
[2023-12-31 14:56:17 INFO]: 69 (main:2409)
[2023-12-31 14:56:17 INFO]: 70 (main:2409)
[2023-12-31 14:56:17 INFO]: 71 (main:2409)
[2023-12-31 14:56:17 INFO]: 72 (main:2409)
[2023-12-31 14:56:17 INFO]: 73 (main:2409)
[2023-12-31 14:56:17 INFO]: 74 (main:2410)
[2023-12-31 14:56:17 INFO]: 75 (main:2410)
[2023-12-31 14:56:17 INFO]: 76 (main:2410)
[2023-12-31 14:56:17 INFO]: 77 (main:2410)
[2023-12-31 14:56:17 INFO]: 78 (main:2410)
[2023-12-31 14:56:17 INFO]: 79 (main:2410)
[2023-12-31 14:56:17 INFO]: 80 (main:2410)
[2023-12-31 14:56:17 INFO]: 81 (main:2411)
[2023-12-31 14:56:17 INFO]: 82 (main:2411)
[2023-12-31 14:56:17 INFO]: 83 (main:2411)
[2023-12-31 14:56:17 INFO]: 84 (main:2411)
[2023-12-31 14:56:17 INFO]: 85 (main:2411)
[2023-12-31 14:56:17 INFO]: 86 (main:2411)
[2023-12-31 14:56:17 INFO]: 87 (main:2411)
[2023-12-31 14:56:17 INFO]: 88 (main:2411)
[2023-12-31 14:56:17 INFO]: 89 (main:2411)
[2023-12-31 14:56:17 INFO]: 90 (main:2412)
[2023-12-31 14:56:17 INFO]: 91 (main:2412)
[2023-12-31 14:56:17 INFO]: 92 (main:2412)
[2023-12-31 14:56:17 INFO]: 93 (main:2412)
[2023-12-31 14:56:17 INFO]: 94 (main:2412)
[2023-12-31 14:56:17 INFO]: 95 (main:2412)
[2023-12-31 14:56:17 INFO]: 96 (main:2412)
[2023-12-31 14:56:17 INFO]: 97 (main:2412)
[2023-12-31 14:56:17 INFO]: 98 (main:2412)
[2023-12-31 14:56:17 INFO]: 99 (main:2412)
[2023-12-31 14:56:17 INFO]: 100 (main:2413)
[2023-12-31 14:56:17 INFO]: 101 (main:2413)
[2023-12-31 14:56:17 INFO]: 102 (main:2413)
[2023-12-31 14:56:17 INFO]: 103 (main:2413)
[2023-12-31 14:56:17 INFO]: 104 (main:2413)
[2023-12-31 14:56:17 INFO]: 105 (main:2413)
[2023-12-31 14:56:17 INFO]: 106 (main:2413)
[2023-12-31 14:56:17 INFO]: 107 (main:2415)
[2023-12-31 14:56:17 INFO]: 108 (main:2415)
[2023-12-31 14:56:17 INFO]: 109 (main:2415)
[2023-12-31 14:56:17 INFO]: 110 (main:2415)
[2023-12-31 14:56:17 INFO]: 111 (main:2415)
[2023-12-31 14:56:17 INFO]: 112 (main:2415)
[2023-12-31 14:56:17 INFO]: 113 (main:2415)
[2023-12-31 14:56:17 INFO]: 114 (main:2415)
[2023-12-31 14:56:17 INFO]: 115 (main:2416)
[2023-12-31 14:56:17 INFO]: 116 (main:2416)
[2023-12-31 14:56:17 INFO]: 117 (main:2416)
[2023-12-31 14:56:17 INFO]: 118 (main:2416)
[2023-12-31 14:56:17 INFO]: 119 (main:2416)
[2023-12-31 14:56:17 INFO]: 120 (main:2417)
[2023-12-31 14:56:17 INFO]: 121 (main:2417)
[2023-12-31 14:56:17 INFO]: 122 (main:2417)
[2023-12-31 14:56:17 INFO]: 123 (main:2417)
[2023-12-31 14:56:17 INFO]: 124 (main:2417)
[2023-12-31 14:56:17 INFO]: 125 (main:2418)
[2023-12-31 14:56:17 INFO]: 126 (main:2418)
[2023-12-31 14:56:17 INFO]: 127 (main:2418)
[2023-12-31 14:56:17 INFO]: 128 (main:2418)
[2023-12-31 14:56:17 INFO]: 129 (main:2418)
[2023-12-31 14:56:17 INFO]: 130 (main:2418)
[2023-12-31 14:56:17 INFO]: 131 (main:2418)
[2023-12-31 14:56:17 INFO]: 132 (main:2418)
[2023-12-31 14:56:17 INFO]: 133 (main:2418)
[2023-12-31 14:56:17 INFO]: 134 (main:2419)
[2023-12-31 14:56:17 INFO]: 135 (main:2419)
[2023-12-31 14:56:17 INFO]: 136 (main:2419)
[2023-12-31 14:56:17 INFO]: 137 (main:2419)
[2023-12-31 14:56:17 INFO]: 138 (main:2419)
[2023-12-31 14:56:17 INFO]: 139 (main:2419)
[2023-12-31 14:56:17 INFO]: 140 (main:2419)
[2023-12-31 14:56:17 INFO]: 141 (main:2419)
[2023-12-31 14:56:17 INFO]: 142 (main:2419)
[2023-12-31 14:56:17 INFO]: 143 (main:2419)
[2023-12-31 14:56:17 INFO]: 144 (main:2420)
[2023-12-31 14:56:17 INFO]: 145 (main:2420)
[2023-12-31 14:56:17 INFO]: 146 (main:2420)
[2023-12-31 14:56:17 INFO]: 147 (main:2420)
[2023-12-31 14:56:17 INFO]: 148 (main:2420)
[2023-12-31 14:56:17 INFO]: 149 (main:2420)
[2023-12-31 14:56:17 INFO]: 150 (main:2420)
[2023-12-31 14:56:17 INFO]: 151 (main:2420)
[2023-12-31 14:56:17 INFO]: 152 (main:2420)
[2023-12-31 14:56:17 INFO]: 153 (main:2421)
[2023-12-31 14:56:17 INFO]: 154 (main:2421)
[2023-12-31 14:56:17 INFO]: 155 (main:2421)
[2023-12-31 14:56:17 INFO]: 156 (main:2421)
[2023-12-31 14:56:17 INFO]: 157 (main:2421)
[2023-12-31 14:56:17 INFO]: 158 (main:2421)
[2023-12-31 14:56:17 INFO]: 159 (main:2421)
[2023-12-31 14:56:17 INFO]: 160 (main:2421)
[2023-12-31 14:56:17 INFO]: 161 (main:2421)
[2023-12-31 14:56:17 INFO]: 162 (main:2422)
[2023-12-31 14:56:17 INFO]: 163 (main:2422)
[2023-12-31 14:56:17 INFO]: 164 (main:2422)
[2023-12-31 14:56:17 INFO]: 165 (main:2422)
[2023-12-31 14:56:17 INFO]: 166 (main:2422)
[2023-12-31 14:56:17 INFO]: 167 (main:2422)
[2023-12-31 14:56:17 INFO]: 168 (main:2422)
[2023-12-31 14:56:17 INFO]: 169 (main:2422)
[2023-12-31 14:56:17 INFO]: 170 (main:2422)
[2023-12-31 14:56:17 INFO]: 171 (main:2423)
[2023-12-31 14:56:17 INFO]: 172 (main:2423)
[2023-12-31 14:56:17 INFO]: 173 (main:2423)
[2023-12-31 14:56:17 INFO]: 174 (main:2423)
[2023-12-31 14:56:17 INFO]: 175 (main:2423)
[2023-12-31 14:56:17 INFO]: 176 (main:2423)
[2023-12-31 14:56:17 INFO]: 177 (main:2423)
[2023-12-31 14:56:17 INFO]: 178 (main:2423)
[2023-12-31 14:56:17 INFO]: 179 (main:2424)
[2023-12-31 14:56:17 INFO]: 180 (main:2424)
[2023-12-31 14:56:17 INFO]: 181 (main:2424)
[2023-12-31 14:56:17 INFO]: 182 (main:2424)
[2023-12-31 14:56:17 INFO]: 183 (main:2424)
[2023-12-31 14:56:17 INFO]: 184 (main:2424)
[2023-12-31 14:56:17 INFO]: 185 (main:2425)
[2023-12-31 14:56:17 INFO]: 186 (main:2425)
[2023-12-31 14:56:17 INFO]: 187 (main:2425)
[2023-12-31 14:56:17 INFO]: 188 (main:2425)
[2023-12-31 14:56:17 INFO]: 189 (main:2425)
[2023-12-31 14:56:17 INFO]: 190 (main:2425)
[2023-12-31 14:56:17 INFO]: 191 (main:2425)
[2023-12-31 14:56:17 INFO]: 192 (main:2425)
[2023-12-31 14:56:17 INFO]: 193 (main:2429)
[2023-12-31 14:56:17 INFO]: 194 (main:2429)
[2023-12-31 14:56:17 INFO]: 195 (main:2429)
[2023-12-31 14:56:17 INFO]: 196 (main:2430)
[2023-12-31 14:56:17 INFO]: 197 (main:2430)
[2023-12-31 14:56:17 INFO]: 198 (main:2430)
[2023-12-31 14:56:17 INFO]: 199 (main:2430)
[2023-12-31 14:56:17 INFO]: 200 (main:2430)
[2023-12-31 14:56:17 INFO]: 201 (main:2430)
[2023-12-31 14:56:17 INFO]: 202 (main:2430)
[2023-12-31 14:56:17 INFO]: 203 (main:2430)
[2023-12-31 14:56:17 INFO]: 204 (main:2431)
[2023-12-31 14:56:17 INFO]: 205 (main:2431)
[2023-12-31 14:56:17 INFO]: 206 (main:2431)
[2023-12-31 14:56:17 INFO]: 207 (main:2431)
[2023-12-31 14:56:17 INFO]: 208 (main:2432)
[2023-12-31 14:56:17 INFO]: 209 (main:2432)
[2023-12-31 14:56:17 INFO]: 210 (main:2432)
[2023-12-31 14:56:17 INFO]: 211 (main:2432)
[2023-12-31 14:56:17 INFO]: 212 (main:2432)
[2023-12-31 14:56:17 INFO]: 213 (main:2432)
[2023-12-31 14:56:17 INFO]: 214 (main:2432)
[2023-12-31 14:56:17 INFO]: 215 (main:2432)
[2023-12-31 14:56:17 INFO]: 216 (main:2433)
[2023-12-31 14:56:17 INFO]: 217 (main:2433)
[2023-12-31 14:56:17 INFO]: 218 (main:2433)
[2023-12-31 14:56:17 INFO]: 219 (main:2433)
[2023-12-31 14:56:17 INFO]: 220 (main:2433)
[2023-12-31 14:56:17 INFO]: 221 (main:2433)
[2023-12-31 14:56:17 INFO]: 222 (main:2433)
[2023-12-31 14:56:17 INFO]: 223 (main:2434)
[2023-12-31 14:56:17 INFO]: 224 (main:2434)
[2023-12-31 14:56:17 INFO]: 225 (main:2434)
[2023-12-31 14:56:17 INFO]: 226 (main:2434)
[2023-12-31 14:56:17 INFO]: 227 (main:2434)
[2023-12-31 14:56:17 INFO]: 228 (main:2434)
[2023-12-31 14:56:17 INFO]: 229 (main:2434)
[2023-12-31 14:56:17 INFO]: 230 (main:2434)
[2023-12-31 14:56:17 INFO]: 231 (main:2435)
[2023-12-31 14:56:17 INFO]: 232 (main:2435)
[2023-12-31 14:56:17 INFO]: 233 (main:2435)
[2023-12-31 14:56:17 INFO]: 234 (main:2435)
[2023-12-31 14:56:17 INFO]: 235 (main:2435)
[2023-12-31 14:56:17 INFO]: 236 (main:2435)
[2023-12-31 14:56:17 INFO]: 237 (main:2435)
[2023-12-31 14:56:17 INFO]: 238 (main:2435)
[2023-12-31 14:56:17 INFO]: 239 (main:2436)
[2023-12-31 14:56:17 INFO]: 240 (main:2436)
[2023-12-31 14:56:17 INFO]: 241 (main:2436)
[2023-12-31 14:56:17 INFO]: 242 (main:2436)
[2023-12-31 14:56:17 INFO]: 243 (main:2436)
[2023-12-31 14:56:17 INFO]: 244 (main:2436)
[2023-12-31 14:56:17 INFO]: 245 (main:2436)
[2023-12-31 14:56:17 INFO]: 246 (main:2436)
[2023-12-31 14:56:17 INFO]: 247 (main:2437)
[2023-12-31 14:56:17 INFO]: 248 (main:2437)
[2023-12-31 14:56:17 INFO]: 249 (main:2437)
[2023-12-31 14:56:17 INFO]: 250 (main:2437)
[2023-12-31 14:56:17 INFO]: 251 (main:2437)
[2023-12-31 14:56:17 INFO]: 252 (main:2437)
[2023-12-31 14:56:17 INFO]: 253 (main:2438)
[2023-12-31 14:56:17 INFO]: 254 (main:2438)
[2023-12-31 14:56:17 INFO]: 255 (main:2438)
[2023-12-31 14:56:17 INFO]: 256 (main:2438)
[2023-12-31 14:56:17 INFO]: 257 (main:2438)
[2023-12-31 14:56:17 INFO]: 258 (main:2438)
[2023-12-31 14:56:17 INFO]: 259 (main:2438)
[2023-12-31 14:56:17 INFO]: 260 (main:2439)
[2023-12-31 14:56:17 INFO]: 261 (main:2439)
[2023-12-31 14:56:17 INFO]: 262 (main:2439)
[2023-12-31 14:56:17 INFO]: 263 (main:2439)
[2023-12-31 14:56:17 INFO]: 264 (main:2439)
[2023-12-31 14:56:17 INFO]: 265 (main:2439)
[2023-12-31 14:56:17 INFO]: 266 (main:2439)
[2023-12-31 14:56:17 INFO]: 267 (main:2439)
[2023-12-31 14:56:17 INFO]: 268 (main:2439)
[2023-12-31 14:56:17 INFO]: 269 (main:2439)
[2023-12-31 14:56:17 INFO]: 270 (main:2439)
[2023-12-31 14:56:17 INFO]: 271 (main:2440)
[2023-12-31 14:56:17 INFO]: 272 (main:2440)
[2023-12-31 14:56:17 INFO]: 273 (main:2440)
[2023-12-31 14:56:17 INFO]: 274 (main:2440)
[2023-12-31 14:56:17 INFO]: 275 (main:2440)
[2023-12-31 14:56:17 INFO]: 276 (main:2440)
[2023-12-31 14:56:17 INFO]: 277 (main:2440)
[2023-12-31 14:56:17 INFO]: 278 (main:2440)
[2023-12-31 14:56:17 INFO]: 279 (main:2440)
[2023-12-31 14:56:17 INFO]: 280 (main:2441)
[2023-12-31 14:56:17 INFO]: 281 (main:2441)
[2023-12-31 14:56:17 INFO]: 282 (main:2441)
[2023-12-31 14:56:17 INFO]: 283 (main:2441)
[2023-12-31 14:56:17 INFO]: 284 (main:2441)
[2023-12-31 14:56:17 INFO]: 285 (main:2441)
[2023-12-31 14:56:17 INFO]: 286 (main:2441)
[2023-12-31 14:56:17 INFO]: 287 (main:2441)
[2023-12-31 14:56:17 INFO]: 288 (main:2442)
[2023-12-31 14:56:17 INFO]: 289 (main:2442)
[2023-12-31 14:56:17 INFO]: 290 (main:2442)
[2023-12-31 14:56:17 INFO]: 291 (main:2442)
[2023-12-31 14:56:17 INFO]: 292 (main:2442)
[2023-12-31 14:56:17 INFO]: 293 (main:2442)
[2023-12-31 14:56:17 INFO]: 294 (main:2442)
[2023-12-31 14:56:17 INFO]: 295 (main:2442)
[2023-12-31 14:56:17 INFO]: 296 (main:2442)
[2023-12-31 14:56:17 INFO]: 297 (main:2442)
[2023-12-31 14:56:17 INFO]: 298 (main:2443)
[2023-12-31 14:56:17 INFO]: 299 (main:2443)
[2023-12-31 14:56:17 INFO]: 300 (main:2443)
[2023-12-31 14:56:17 INFO]: 301 (main:2443)
[2023-12-31 14:56:17 INFO]: 302 (main:2443)
[2023-12-31 14:56:17 INFO]: 303 (main:2443)
[2023-12-31 14:56:17 INFO]: 304 (main:2443)
[2023-12-31 14:56:17 INFO]: 305 (main:2443)
[2023-12-31 14:56:17 INFO]: 306 (main:2443)
[2023-12-31 14:56:17 INFO]: 307 (main:2444)
[2023-12-31 14:56:17 INFO]: 308 (main:2444)
[2023-12-31 14:56:17 INFO]: 309 (main:2444)
[2023-12-31 14:56:17 INFO]: 310 (main:2444)
[2023-12-31 14:56:17 INFO]: 311 (main:2444)
[2023-12-31 14:56:17 INFO]: 312 (main:2444)
[2023-12-31 14:56:17 INFO]: 313 (main:2444)
[2023-12-31 14:56:17 INFO]: 314 (main:2444)
[2023-12-31 14:56:17 INFO]: 315 (main:2445)
[2023-12-31 14:56:17 INFO]: 316 (main:2445)
[2023-12-31 14:56:17 INFO]: 317 (main:2445)
[2023-12-31 14:56:17 INFO]: 318 (main:2445)
[2023-12-31 14:56:17 INFO]: 319 (main:2445)
[2023-12-31 14:56:17 INFO]: 320 (main:2445)
[2023-12-31 14:56:17 INFO]: 321 (main:2445)
[2023-12-31 14:56:17 INFO]: 322 (main:2445)
[2023-12-31 14:56:17 INFO]: 323 (main:2445)
[2023-12-31 14:56:17 INFO]: 324 (main:2445)
[2023-12-31 14:56:17 INFO]: 325 (main:2446)
[2023-12-31 14:56:17 INFO]: 326 (main:2446)
[2023-12-31 14:56:17 INFO]: 327 (main:2446)
[2023-12-31 14:56:17 INFO]: 328 (main:2446)
[2023-12-31 14:56:17 INFO]: 329 (main:2446)
[2023-12-31 14:56:17 INFO]: 330 (main:2446)
[2023-12-31 14:56:17 INFO]: 331 (main:2446)
[2023-12-31 14:56:17 INFO]: 332 (main:2446)
[2023-12-31 14:56:17 INFO]: 333 (main:2446)
[2023-12-31 14:56:17 INFO]: 334 (main:2446)
[2023-12-31 14:56:17 INFO]: 335 (main:2446)
[2023-12-31 14:56:17 INFO]: 336 (main:2447)
[2023-12-31 14:56:17 INFO]: 337 (main:2447)
[2023-12-31 14:56:17 INFO]: 338 (main:2447)
[2023-12-31 14:56:17 INFO]: 339 (main:2447)
[2023-12-31 14:56:17 INFO]: 340 (main:2447)
[2023-12-31 14:56:17 INFO]: 341 (main:2447)
[2023-12-31 14:56:17 INFO]: 342 (main:2447)
[2023-12-31 14:56:17 INFO]: 343 (main:2447)
[2023-12-31 14:56:17 INFO]: 344 (main:2447)
[2023-12-31 14:56:17 INFO]: 345 (main:2447)
[2023-12-31 14:56:17 INFO]: 346 (main:2447)
[2023-12-31 14:56:17 INFO]: 347 (main:2447)
[2023-12-31 14:56:17 INFO]: 348 (main:2448)
[2023-12-31 14:56:17 INFO]: 349 (main:2448)
[2023-12-31 14:56:17 INFO]: 350 (main:2448)
[2023-12-31 14:56:17 INFO]: 351 (main:2448)
[2023-12-31 14:56:17 INFO]: 352 (main:2448)
[2023-12-31 14:56:17 INFO]: 353 (main:2448)
[2023-12-31 14:56:17 INFO]: 354 (main:2448)
[2023-12-31 14:56:17 INFO]: 355 (main:2448)
[2023-12-31 14:56:17 INFO]: 356 (main:2448)
[2023-12-31 14:56:17 INFO]: 357 (main:2448)
[2023-12-31 14:56:17 INFO]: 358 (main:2448)
[2023-12-31 14:56:17 INFO]: 359 (main:2449)
[2023-12-31 14:56:17 INFO]: 360 (main:2449)
[2023-12-31 14:56:17 INFO]: 361 (main:2449)
[2023-12-31 14:56:17 INFO]: 362 (main:2449)
[2023-12-31 14:56:17 INFO]: 363 (main:2449)
[2023-12-31 14:56:17 INFO]: 364 (main:2449)
[2023-12-31 14:56:17 INFO]: 365 (main:2449)
[2023-12-31 14:56:17 INFO]: 366 (main:2449)
[2023-12-31 14:56:17 INFO]: 367 (main:2449)
[2023-12-31 14:56:17 INFO]: 368 (main:2449)
[2023-12-31 14:56:17 INFO]: 369 (main:2449)
[2023-12-31 14:56:17 INFO]: 370 (main:2450)
[2023-12-31 14:56:17 INFO]: 371 (main:2450)
[2023-12-31 14:56:17 INFO]: 372 (main:2450)
[2023-12-31 14:56:17 INFO]: 373 (main:2450)
[2023-12-31 14:56:17 INFO]: 374 (main:2450)
[2023-12-31 14:56:17 INFO]: 375 (main:2450)
[2023-12-31 14:56:17 INFO]: 376 (main:2450)
[2023-12-31 14:56:17 INFO]: 377 (main:2450)
[2023-12-31 14:56:17 INFO]: 378 (main:2450)
[2023-12-31 14:56:17 INFO]: 379 (main:2451)
[2023-12-31 14:56:17 INFO]: 380 (main:2451)
[2023-12-31 14:56:17 INFO]: 381 (main:2451)
[2023-12-31 14:56:17 INFO]: 382 (main:2451)
[2023-12-31 14:56:17 INFO]: 383 (main:2451)
[2023-12-31 14:56:17 INFO]: 384 (main:2451)
[2023-12-31 14:56:17 INFO]: 385 (main:2451)
[2023-12-31 14:56:17 INFO]: 386 (main:2451)
[2023-12-31 14:56:17 INFO]: 387 (main:2452)
[2023-12-31 14:56:17 INFO]: 388 (main:2452)
[2023-12-31 14:56:17 INFO]: 389 (main:2452)
[2023-12-31 14:56:17 INFO]: 390 (main:2452)
[2023-12-31 14:56:17 INFO]: 391 (main:2452)
[2023-12-31 14:56:17 INFO]: 392 (main:2452)
[2023-12-31 14:56:17 INFO]: 393 (main:2452)
[2023-12-31 14:56:17 INFO]: 394 (main:2452)
[2023-12-31 14:56:17 INFO]: 395 (main:2452)
[2023-12-31 14:56:17 INFO]: 396 (main:2452)
[2023-12-31 14:56:17 INFO]: 397 (main:2452)
[2023-12-31 14:56:17 INFO]: 398 (main:2452)
[2023-12-31 14:56:17 INFO]: 399 (main:2453)
[2023-12-31 14:56:17 INFO]: 400 (main:2453)
[2023-12-31 14:56:17 INFO]: 401 (main:2453)
[2023-12-31 14:56:17 INFO]: 402 (main:2453)
[2023-12-31 14:56:17 INFO]: 403 (main:2453)
[2023-12-31 14:56:17 INFO]: 404 (main:2453)
[2023-12-31 14:56:17 INFO]: 405 (main:2453)
[2023-12-31 14:56:17 INFO]: 406 (main:2453)
[2023-12-31 14:56:17 INFO]: 407 (main:2453)
[2023-12-31 14:56:17 INFO]: 408 (main:2453)
[2023-12-31 14:56:17 INFO]: 409 (main:2453)
[2023-12-31 14:56:17 INFO]: 410 (main:2453)
[2023-12-31 14:56:17 INFO]: 411 (main:2454)
[2023-12-31 14:56:17 INFO]: 412 (main:2454)
[2023-12-31 14:56:17 INFO]: 413 (main:2454)
[2023-12-31 14:56:17 INFO]: 414 (main:2454)
[2023-12-31 14:56:17 INFO]: 415 (main:2454)
[2023-12-31 14:56:17 INFO]: 416 (main:2454)
[2023-12-31 14:56:17 INFO]: 417 (main:2454)
[2023-12-31 14:56:17 INFO]: 418 (main:2454)
[2023-12-31 14:56:17 INFO]: 419 (main:2454)
[2023-12-31 14:56:17 INFO]: 420 (main:2454)
[2023-12-31 14:56:17 INFO]: 421 (main:2454)
[2023-12-31 14:56:17 INFO]: 422 (main:2454)
[2023-12-31 14:56:17 INFO]: 423 (main:2455)
[2023-12-31 14:56:17 INFO]: 424 (main:2455)
[2023-12-31 14:56:17 INFO]: 425 (main:2455)
[2023-12-31 14:56:17 INFO]: 426 (main:2455)
[2023-12-31 14:56:17 INFO]: 427 (main:2455)
[2023-12-31 14:56:17 INFO]: 428 (main:2455)
[2023-12-31 14:56:17 INFO]: 429 (main:2455)
[2023-12-31 14:56:17 INFO]: 430 (main:2455)
[2023-12-31 14:56:17 INFO]: 431 (main:2455)
[2023-12-31 14:56:17 INFO]: 432 (main:2455)
[2023-12-31 14:56:17 INFO]: 433 (main:2455)
[2023-12-31 14:56:17 INFO]: 434 (main:2455)
[2023-12-31 14:56:17 INFO]: 435 (main:2455)
[2023-12-31 14:56:17 INFO]: 436 (main:2455)
[2023-12-31 14:56:17 INFO]: 437 (main:2456)
[2023-12-31 14:56:17 INFO]: 438 (main:2456)
[2023-12-31 14:56:17 INFO]: 439 (main:2456)
[2023-12-31 14:56:17 INFO]: 440 (main:2456)
[2023-12-31 14:56:17 INFO]: 441 (main:2456)
[2023-12-31 14:56:17 INFO]: 442 (main:2456)
[2023-12-31 14:56:17 INFO]: 443 (main:2456)
[2023-12-31 14:56:17 INFO]: 444 (main:2456)
[2023-12-31 14:56:17 INFO]: 445 (main:2457)
[2023-12-31 14:56:17 INFO]: 446 (main:2457)
[2023-12-31 14:56:17 INFO]: 447 (main:2457)
[2023-12-31 14:56:17 INFO]: 448 (main:2457)
[2023-12-31 14:56:17 INFO]: 449 (main:2457)
[2023-12-31 14:56:17 INFO]: 450 (main:2457)
[2023-12-31 14:56:17 INFO]: 451 (main:2457)
[2023-12-31 14:56:17 INFO]: 452 (main:2457)
[2023-12-31 14:56:17 INFO]: 453 (main:2457)
[2023-12-31 14:56:17 INFO]: 454 (main:2457)
[2023-12-31 14:56:17 INFO]: 455 (main:2457)
[2023-12-31 14:56:17 INFO]: 456 (main:2457)
[2023-12-31 14:56:17 INFO]: 457 (main:2457)
[2023-12-31 14:56:17 INFO]: 458 (main:2457)
[2023-12-31 14:56:17 INFO]: 459 (main:2458)
[2023-12-31 14:56:17 INFO]: 460 (main:2458)
[2023-12-31 14:56:17 INFO]: 461 (main:2458)
[2023-12-31 14:56:17 INFO]: 462 (main:2458)
[2023-12-31 14:56:17 INFO]: 463 (main:2458)
[2023-12-31 14:56:17 INFO]: 464 (main:2458)
[2023-12-31 14:56:17 INFO]: 465 (main:2458)
[2023-12-31 14:56:17 INFO]: 466 (main:2458)
[2023-12-31 14:56:17 INFO]: 467 (main:2458)
[2023-12-31 14:56:17 INFO]: 468 (main:2458)
[2023-12-31 14:56:17 INFO]: 469 (main:2459)
[2023-12-31 14:56:17 INFO]: 470 (main:2459)
[2023-12-31 14:56:17 INFO]: 471 (main:2459)
[2023-12-31 14:56:17 INFO]: 472 (main:2459)
[2023-12-31 14:56:17 INFO]: 473 (main:2459)
[2023-12-31 14:56:17 INFO]: 474 (main:2459)
[2023-12-31 14:56:17 INFO]: 475 (main:2459)
[2023-12-31 14:56:17 INFO]: 476 (main:2459)
[2023-12-31 14:56:17 INFO]: 477 (main:2459)
[2023-12-31 14:56:17 INFO]: 478 (main:2459)
[2023-12-31 14:56:17 INFO]: 479 (main:2459)
[2023-12-31 14:56:17 INFO]: 480 (main:2459)
[2023-12-31 14:56:17 INFO]: 481 (main:2460)
[2023-12-31 14:56:17 INFO]: 482 (main:2460)
[2023-12-31 14:56:17 INFO]: 483 (main:2460)
[2023-12-31 14:56:17 INFO]: 484 (main:2460)
[2023-12-31 14:56:17 INFO]: 485 (main:2460)
[2023-12-31 14:56:17 INFO]: 486 (main:2460)
[2023-12-31 14:56:17 INFO]: 487 (main:2460)
[2023-12-31 14:56:17 INFO]: 488 (main:2460)
[2023-12-31 14:56:17 INFO]: 489 (main:2460)
[2023-12-31 14:56:17 INFO]: 490 (main:2460)
[2023-12-31 14:56:17 INFO]: 491 (main:2460)
[2023-12-31 14:56:17 INFO]: 492 (main:2461)
[2023-12-31 14:56:17 INFO]: 493 (main:2461)
[2023-12-31 14:56:17 INFO]: 494 (main:2461)
[2023-12-31 14:56:17 INFO]: 495 (main:2461)
[2023-12-31 14:56:17 INFO]: 496 (main:2461)
[2023-12-31 14:56:17 INFO]: 497 (main:2461)
[2023-12-31 14:56:17 INFO]: 498 (main:2461)
[2023-12-31 14:56:17 INFO]: 499 (main:2461)
[2023-12-31 14:56:17 INFO]: 500 (main:2461)
[2023-12-31 14:56:17 INFO]: 501 (main:2461)
[2023-12-31 14:56:17 INFO]: 502 (main:2461)
[2023-12-31 14:56:17 INFO]: 503 (main:2461)
[2023-12-31 14:56:17 INFO]: 504 (main:2461)
[2023-12-31 14:56:17 INFO]: 505 (main:2461)
[2023-12-31 14:56:17 INFO]: 506 (main:2461)
[2023-12-31 14:56:17 INFO]: 507 (main:2462)
[2023-12-31 14:56:17 INFO]: 508 (main:2462)
[2023-12-31 14:56:17 INFO]: 509 (main:2462)
[2023-12-31 14:56:17 INFO]: 510 (main:2462)
[2023-12-31 14:56:17 INFO]: 511 (main:2462)
[2023-12-31 14:56:17 INFO]: 512 (main:2462)
[2023-12-31 14:56:17 INFO]: 513 (main:2462)
[2023-12-31 14:56:17 INFO]: 514 (main:2462)
[2023-12-31 14:56:17 INFO]: 515 (main:2463)
[2023-12-31 14:56:17 INFO]: 516 (main:2463)
[2023-12-31 14:56:17 INFO]: 517 (main:2463)
[2023-12-31 14:56:17 INFO]: 518 (main:2463)
[2023-12-31 14:56:17 INFO]: 519 (main:2463)
[2023-12-31 14:56:17 INFO]: 520 (main:2463)
[2023-12-31 14:56:17 INFO]: 521 (main:2463)
[2023-12-31 14:56:17 INFO]: 522 (main:2463)
[2023-12-31 14:56:17 INFO]: 523 (main:2463)
[2023-12-31 14:56:17 INFO]: 524 (main:2463)
[2023-12-31 14:56:17 INFO]: 525 (main:2463)
[2023-12-31 14:56:17 INFO]: 526 (main:2463)
[2023-12-31 14:56:17 INFO]: 527 (main:2463)
[2023-12-31 14:56:17 INFO]: 528 (main:2464)
[2023-12-31 14:56:17 INFO]: 529 (main:2465)
[2023-12-31 14:56:17 INFO]: 530 (main:2465)
[2023-12-31 14:56:17 INFO]: 531 (main:2465)
[2023-12-31 14:56:17 INFO]: 532 (main:2465)
[2023-12-31 14:56:17 INFO]: 533 (main:2465)
[2023-12-31 14:56:17 INFO]: 534 (main:2465)
[2023-12-31 14:56:17 INFO]: 535 (main:2465)
[2023-12-31 14:56:17 INFO]: 536 (main:2465)
[2023-12-31 14:56:17 INFO]: 537 (main:2466)
[2023-12-31 14:56:17 INFO]: 538 (main:2466)
[2023-12-31 14:56:17 INFO]: 539 (main:2466)
[2023-12-31 14:56:17 INFO]: 540 (main:2466)
[2023-12-31 14:56:17 INFO]: 541 (main:2466)
[2023-12-31 14:56:17 INFO]: 542 (main:2466)
[2023-12-31 14:56:17 INFO]: 543 (main:2466)
[2023-12-31 14:56:17 INFO]: 544 (main:2466)
[2023-12-31 14:56:17 INFO]: 545 (main:2466)
[2023-12-31 14:56:17 INFO]: 546 (main:2466)
[2023-12-31 14:56:17 INFO]: 547 (main:2466)
[2023-12-31 14:56:17 INFO]: 548 (main:2466)
[2023-12-31 14:56:17 INFO]: 549 (main:2466)
[2023-12-31 14:56:17 INFO]: 550 (main:2467)
[2023-12-31 14:56:17 INFO]: 551 (main:2467)
[2023-12-31 14:56:17 INFO]: 552 (main:2467)
[2023-12-31 14:56:17 INFO]: 553 (main:2467)
[2023-12-31 14:56:17 INFO]: 554 (main:2467)
[2023-12-31 14:56:17 INFO]: 555 (main:2467)
[2023-12-31 14:56:17 INFO]: 556 (main:2467)
[2023-12-31 14:56:17 INFO]: 557 (main:2467)
[2023-12-31 14:56:17 INFO]: 558 (main:2467)
[2023-12-31 14:56:17 INFO]: 559 (main:2467)
[2023-12-31 14:56:17 INFO]: 560 (main:2467)
[2023-12-31 14:56:17 INFO]: 561 (main:2467)
[2023-12-31 14:56:17 INFO]: 562 (main:2468)
[2023-12-31 14:56:17 INFO]: 563 (main:2468)
[2023-12-31 14:56:17 INFO]: 564 (main:2468)
[2023-12-31 14:56:17 INFO]: 565 (main:2468)
[2023-12-31 14:56:17 INFO]: 566 (main:2468)
[2023-12-31 14:56:17 INFO]: 567 (main:2468)
[2023-12-31 14:56:17 INFO]: 568 (main:2468)
[2023-12-31 14:56:17 INFO]: 569 (main:2468)
[2023-12-31 14:56:17 INFO]: 570 (main:2468)
[2023-12-31 14:56:17 INFO]: 571 (main:2468)
[2023-12-31 14:56:17 INFO]: 572 (main:2468)
[2023-12-31 14:56:17 INFO]: 573 (main:2468)
[2023-12-31 14:56:17 INFO]: 574 (main:2469)
[2023-12-31 14:56:17 INFO]: 575 (main:2469)
[2023-12-31 14:56:17 INFO]: 576 (main:2469)
[2023-12-31 14:56:17 INFO]: 577 (main:2469)
[2023-12-31 14:56:17 INFO]: 578 (main:2469)
[2023-12-31 14:56:17 INFO]: 579 (main:2469)
[2023-12-31 14:56:17 INFO]: 580 (main:2469)
[2023-12-31 14:56:17 INFO]: 581 (main:2469)
[2023-12-31 14:56:17 INFO]: 582 (main:2469)
[2023-12-31 14:56:17 INFO]: 583 (main:2469)
[2023-12-31 14:56:17 INFO]: 584 (main:2469)
[2023-12-31 14:56:17 INFO]: 585 (main:2469)
[2023-12-31 14:56:17 INFO]: 586 (main:2470)
[2023-12-31 14:56:17 INFO]: 587 (main:2470)
[2023-12-31 14:56:17 INFO]: 588 (main:2470)
[2023-12-31 14:56:17 INFO]: 589 (main:2470)
[2023-12-31 14:56:17 INFO]: 590 (main:2470)
[2023-12-31 14:56:17 INFO]: 591 (main:2470)
[2023-12-31 14:56:17 INFO]: 592 (main:2470)
[2023-12-31 14:56:17 INFO]: 593 (main:2470)
[2023-12-31 14:56:17 INFO]: 594 (main:2470)
[2023-12-31 14:56:17 INFO]: 595 (main:2470)
[2023-12-31 14:56:17 INFO]: 596 (main:2470)
[2023-12-31 14:56:17 INFO]: 597 (main:2470)
[2023-12-31 14:56:17 INFO]: 598 (main:2470)
[2023-12-31 14:56:17 INFO]: 599 (main:2470)
[2023-12-31 14:56:17 INFO]: 600 (main:2471)
[2023-12-31 14:56:17 INFO]: 601 (main:2471)
[2023-12-31 14:56:17 INFO]: 602 (main:2471)
[2023-12-31 14:56:17 INFO]: 603 (main:2471)
[2023-12-31 14:56:17 INFO]: 604 (main:2471)
[2023-12-31 14:56:17 INFO]: 605 (main:2471)
[2023-12-31 14:56:17 INFO]: 606 (main:2471)
[2023-12-31 14:56:17 INFO]: 607 (main:2471)
[2023-12-31 14:56:17 INFO]: 608 (main:2471)
[2023-12-31 14:56:17 INFO]: 609 (main:2471)
[2023-12-31 14:56:17 INFO]: 610 (main:2471)
[2023-12-31 14:56:17 INFO]: 611 (main:2471)
[2023-12-31 14:56:17 INFO]: 612 (main:2471)
[2023-12-31 14:56:17 INFO]: 613 (main:2471)
[2023-12-31 14:56:17 INFO]: 614 (main:2471)
[2023-12-31 14:56:17 INFO]: 615 (main:2472)
[2023-12-31 14:56:17 INFO]: 616 (main:2472)
[2023-12-31 14:56:17 INFO]: 617 (main:2472)
[2023-12-31 14:56:17 INFO]: 618 (main:2472)
[2023-12-31 14:56:17 INFO]: 619 (main:2472)
[2023-12-31 14:56:17 INFO]: 620 (main:2472)
[2023-12-31 14:56:17 INFO]: 621 (main:2472)
[2023-12-31 14:56:17 INFO]: 622 (main:2472)
[2023-12-31 14:56:17 INFO]: 623 (main:2472)
[2023-12-31 14:56:17 INFO]: 624 (main:2472)
[2023-12-31 14:56:17 INFO]: 625 (main:2472)
[2023-12-31 14:56:17 INFO]: 626 (main:2472)
[2023-12-31 14:56:17 INFO]: 627 (main:2472)
[2023-12-31 14:56:17 INFO]: 628 (main:2472)
[2023-12-31 14:56:17 INFO]: 629 (main:2473)
[2023-12-31 14:56:17 INFO]: 630 (main:2473)
[2023-12-31 14:56:17 INFO]: 631 (main:2473)
[2023-12-31 14:56:17 INFO]: 632 (main:2473)
[2023-12-31 14:56:17 INFO]: 633 (main:2473)
[2023-12-31 14:56:17 INFO]: 634 (main:2473)
[2023-12-31 14:56:17 INFO]: 635 (main:2473)
[2023-12-31 14:56:17 INFO]: 636 (main:2473)
[2023-12-31 14:56:17 INFO]: 637 (main:2473)
[2023-12-31 14:56:17 INFO]: 638 (main:2473)
[2023-12-31 14:56:17 INFO]: 639 (main:2473)
[2023-12-31 14:56:17 INFO]: 640 (main:2473)
[2023-12-31 14:56:17 INFO]: 641 (main:2473)
[2023-12-31 14:56:17 INFO]: 642 (main:2473)
[2023-12-31 14:56:17 INFO]: 643 (main:2473)
[2023-12-31 14:56:17 INFO]: 644 (main:2474)
[2023-12-31 14:56:17 INFO]: 645 (main:2474)
[2023-12-31 14:56:17 INFO]: 646 (main:2474)
[2023-12-31 14:56:17 INFO]: 647 (main:2474)
[2023-12-31 14:56:17 INFO]: 648 (main:2474)
[2023-12-31 14:56:17 INFO]: 649 (main:2474)
[2023-12-31 14:56:17 INFO]: 650 (main:2474)
[2023-12-31 14:56:17 INFO]: 651 (main:2474)
[2023-12-31 14:56:17 INFO]: 652 (main:2474)
[2023-12-31 14:56:17 INFO]: 653 (main:2474)
[2023-12-31 14:56:17 INFO]: 654 (main:2474)
[2023-12-31 14:56:17 INFO]: 655 (main:2474)
[2023-12-31 14:56:17 INFO]: 656 (main:2475)
[2023-12-31 14:56:17 INFO]: 657 (main:2475)
[2023-12-31 14:56:17 INFO]: 658 (main:2475)
[2023-12-31 14:56:17 INFO]: 659 (main:2475)
[2023-12-31 14:56:17 INFO]: 660 (main:2475)
[2023-12-31 14:56:17 INFO]: 661 (main:2475)
[2023-12-31 14:56:17 INFO]: 662 (main:2475)
[2023-12-31 14:56:17 INFO]: 663 (main:2475)
[2023-12-31 14:56:17 INFO]: 664 (main:2475)
[2023-12-31 14:56:17 INFO]: 665 (main:2475)
[2023-12-31 14:56:17 INFO]: 666 (main:2475)
[2023-12-31 14:56:17 INFO]: 667 (main:2475)
[2023-12-31 14:56:17 INFO]: 668 (main:2475)
[2023-12-31 14:56:17 INFO]: 669 (main:2475)
[2023-12-31 14:56:17 INFO]: 670 (main:2476)
[2023-12-31 14:56:17 INFO]: 671 (main:2476)
[2023-12-31 14:56:17 INFO]: 672 (main:2476)
[2023-12-31 14:56:17 INFO]: 673 (main:2476)
[2023-12-31 14:56:17 INFO]: 674 (main:2476)
[2023-12-31 14:56:17 INFO]: 675 (main:2476)
[2023-12-31 14:56:17 INFO]: 676 (main:2476)
[2023-12-31 14:56:17 INFO]: 677 (main:2476)
[2023-12-31 14:56:17 INFO]: 678 (main:2476)
[2023-12-31 14:56:17 INFO]: 679 (main:2476)
[2023-12-31 14:56:17 INFO]: 680 (main:2476)
[2023-12-31 14:56:17 INFO]: 681 (main:2476)
[2023-12-31 14:56:17 INFO]: 682 (main:2476)
[2023-12-31 14:56:17 INFO]: 683 (main:2477)
[2023-12-31 14:56:17 INFO]: 684 (main:2477)
[2023-12-31 14:56:17 INFO]: 685 (main:2477)
[2023-12-31 14:56:17 INFO]: 686 (main:2477)
[2023-12-31 14:56:17 INFO]: 687 (main:2477)
[2023-12-31 14:56:17 INFO]: 688 (main:2477)
[2023-12-31 14:56:17 INFO]: 689 (main:2477)
[2023-12-31 14:56:17 INFO]: 690 (main:2477)
[2023-12-31 14:56:17 INFO]: 691 (main:2477)
[2023-12-31 14:56:17 INFO]: 692 (main:2477)
[2023-12-31 14:56:17 INFO]: 693 (main:2477)
[2023-12-31 14:56:17 INFO]: 694 (main:2477)
[2023-12-31 14:56:17 INFO]: 695 (main:2477)
[2023-12-31 14:56:17 INFO]: 696 (main:2477)
[2023-12-31 14:56:17 INFO]: 697 (main:2477)
[2023-12-31 14:56:17 INFO]: 698 (main:2477)
[2023-12-31 14:56:17 INFO]: 699 (main:2477)
[2023-12-31 14:56:17 INFO]: 700 (main:2477)
[2023-12-31 14:56:17 INFO]: 701 (main:2477)
[2023-12-31 14:56:17 INFO]: 702 (main:2477)
[2023-12-31 14:56:17 INFO]: 703 (main:2477)
[2023-12-31 14:56:17 INFO]: 704 (main:2477)
[2023-12-31 14:56:17 INFO]: 705 (main:2477)
[2023-12-31 14:56:17 INFO]: 706 (main:2477)
[2023-12-31 14:56:17 INFO]: 707 (main:2477)
[2023-12-31 14:56:17 INFO]: 708 (main:2478)
[2023-12-31 14:56:17 INFO]: 709 (main:2478)
[2023-12-31 14:56:17 INFO]: 710 (main:2478)
[2023-12-31 14:56:17 INFO]: 711 (main:2478)
[2023-12-31 14:56:17 INFO]: 712 (main:2478)
[2023-12-31 14:56:17 INFO]: 713 (main:2478)
[2023-12-31 14:56:17 INFO]: 714 (main:2478)
[2023-12-31 14:56:17 INFO]: 715 (main:2478)
[2023-12-31 14:56:17 INFO]: 716 (main:2478)
[2023-12-31 14:56:17 INFO]: 717 (main:2478)
[2023-12-31 14:56:17 INFO]: 718 (main:2478)
[2023-12-31 14:56:17 INFO]: 719 (main:2478)
[2023-12-31 14:56:17 INFO]: 720 (main:2478)
[2023-12-31 14:56:17 INFO]: 721 (main:2478)
[2023-12-31 14:56:17 INFO]: 722 (main:2478)
[2023-12-31 14:56:17 INFO]: 723 (main:2478)
[2023-12-31 14:56:17 INFO]: 724 (main:2478)
[2023-12-31 14:56:17 INFO]: 725 (main:2478)
[2023-12-31 14:56:17 INFO]: 726 (main:2478)
[2023-12-31 14:56:17 INFO]: 727 (main:2479)
[2023-12-31 14:56:17 INFO]: 728 (main:2479)
[2023-12-31 14:56:17 INFO]: 729 (main:2479)
[2023-12-31 14:56:17 INFO]: 730 (main:2479)
[2023-12-31 14:56:17 INFO]: 731 (main:2479)
[2023-12-31 14:56:17 INFO]: 732 (main:2479)
[2023-12-31 14:56:17 INFO]: 733 (main:2479)
[2023-12-31 14:56:17 INFO]: 734 (main:2479)
[2023-12-31 14:56:17 INFO]: 735 (main:2479)
[2023-12-31 14:56:17 INFO]: 736 (main:2479)
[2023-12-31 14:56:17 INFO]: 737 (main:2479)
[2023-12-31 14:56:17 INFO]: 738 (main:2479)
[2023-12-31 14:56:17 INFO]: 739 (main:2479)
[2023-12-31 14:56:17 INFO]: 740 (main:2479)
[2023-12-31 14:56:17 INFO]: 741 (main:2479)
[2023-12-31 14:56:17 INFO]: 742 (main:2479)
[2023-12-31 14:56:17 INFO]: 743 (main:2480)
[2023-12-31 14:56:17 INFO]: 744 (main:2480)
[2023-12-31 14:56:17 INFO]: 745 (main:2480)
[2023-12-31 14:56:17 INFO]: 746 (main:2480)
[2023-12-31 14:56:17 INFO]: 747 (main:2481)
[2023-12-31 14:56:17 INFO]: 748 (main:2481)
[2023-12-31 14:56:17 INFO]: 749 (main:2481)
[2023-12-31 14:56:17 INFO]: 750 (main:2481)
[2023-12-31 14:56:17 INFO]: 751 (main:2481)
[2023-12-31 14:56:17 INFO]: 752 (main:2481)
[2023-12-31 14:56:17 INFO]: 753 (main:2481)
[2023-12-31 14:56:17 INFO]: 754 (main:2481)
[2023-12-31 14:56:17 INFO]: 755 (main:2481)
[2023-12-31 14:56:17 INFO]: 756 (main:2481)
[2023-12-31 14:56:17 INFO]: 757 (main:2481)
[2023-12-31 14:56:17 INFO]: 758 (main:2481)
[2023-12-31 14:56:17 INFO]: 759 (main:2481)
[2023-12-31 14:56:17 INFO]: 760 (main:2481)
[2023-12-31 14:56:17 INFO]: 761 (main:2482)
[2023-12-31 14:56:17 INFO]: 762 (main:2482)
[2023-12-31 14:56:17 INFO]: 763 (main:2482)
[2023-12-31 14:56:17 INFO]: 764 (main:2482)
[2023-12-31 14:56:17 INFO]: 765 (main:2483)
[2023-12-31 14:56:17 INFO]: 766 (main:2483)
[2023-12-31 14:56:17 INFO]: 767 (main:2483)
[2023-12-31 14:56:17 INFO]: 768 (main:2483)
[2023-12-31 14:56:17 INFO]: 769 (main:2483)
[2023-12-31 14:56:17 INFO]: 770 (main:2483)
[2023-12-31 14:56:17 INFO]: 771 (main:2483)
[2023-12-31 14:56:17 INFO]: 772 (main:2483)
[2023-12-31 14:56:17 INFO]: 773 (main:2483)
[2023-12-31 14:56:17 INFO]: 774 (main:2483)
[2023-12-31 14:56:17 INFO]: 775 (main:2483)
[2023-12-31 14:56:17 INFO]: 776 (main:2483)
[2023-12-31 14:56:17 INFO]: 777 (main:2483)
[2023-12-31 14:56:17 INFO]: 778 (main:2483)
[2023-12-31 14:56:17 INFO]: 779 (main:2483)
[2023-12-31 14:56:17 INFO]: 780 (main:2483)
[2023-12-31 14:56:17 INFO]: 781 (main:2483)
[2023-12-31 14:56:17 INFO]: 782 (main:2483)
[2023-12-31 14:56:17 INFO]: 783 (main:2483)
[2023-12-31 14:56:17 INFO]: 784 (main:2483)
[2023-12-31 14:56:17 INFO]: 785 (main:2483)
[2023-12-31 14:56:17 INFO]: 786 (main:2483)
[2023-12-31 14:56:17 INFO]: 787 (main:2484)
[2023-12-31 14:56:17 INFO]: 788 (main:2484)
[2023-12-31 14:56:17 INFO]: 789 (main:2484)
[2023-12-31 14:56:17 INFO]: 790 (main:2484)
[2023-12-31 14:56:17 INFO]: 791 (main:2484)
[2023-12-31 14:56:17 INFO]: 792 (main:2484)
[2023-12-31 14:56:17 INFO]: 793 (main:2484)
[2023-12-31 14:56:17 INFO]: 794 (main:2484)
[2023-12-31 14:56:17 INFO]: 795 (main:2484)
[2023-12-31 14:56:17 INFO]: 796 (main:2484)
[2023-12-31 14:56:17 INFO]: 797 (main:2484)
[2023-12-31 14:56:17 INFO]: 798 (main:2484)
[2023-12-31 14:56:17 INFO]: 799 (main:2484)
[2023-12-31 14:56:17 INFO]: 800 (main:2484)
[2023-12-31 14:56:17 INFO]: 801 (main:2484)
[2023-12-31 14:56:17 INFO]: 802 (main:2484)
[2023-12-31 14:56:17 INFO]: 803 (main:2484)
[2023-12-31 14:56:17 INFO]: 804 (main:2484)
[2023-12-31 14:56:17 INFO]: 805 (main:2484)
[2023-12-31 14:56:17 INFO]: 806 (main:2484)
[2023-12-31 14:56:17 INFO]: 807 (main:2484)
[2023-12-31 14:56:17 INFO]: 808 (main:2485)
[2023-12-31 14:56:17 INFO]: 809 (main:2485)
[2023-12-31 14:56:17 INFO]: 810 (main:2485)
[2023-12-31 14:56:17 INFO]: 811 (main:2485)
[2023-12-31 14:56:17 INFO]: 812 (main:2485)
[2023-12-31 14:56:17 INFO]: 813 (main:2485)
[2023-12-31 14:56:17 INFO]: 814 (main:2485)
[2023-12-31 14:56:17 INFO]: 815 (main:2485)
[2023-12-31 14:56:17 INFO]: 816 (main:2485)
[2023-12-31 14:56:17 INFO]: 817 (main:2485)
[2023-12-31 14:56:17 INFO]: 818 (main:2485)
[2023-12-31 14:56:17 INFO]: 819 (main:2485)
[2023-12-31 14:56:17 INFO]: 820 (main:2485)
[2023-12-31 14:56:17 INFO]: 821 (main:2485)
[2023-12-31 14:56:17 INFO]: 822 (main:2485)
[2023-12-31 14:56:17 INFO]: 823 (main:2485)
[2023-12-31 14:56:17 INFO]: 824 (main:2485)
[2023-12-31 14:56:17 INFO]: 825 (main:2485)
[2023-12-31 14:56:17 INFO]: 826 (main:2485)
[2023-12-31 14:56:17 INFO]: 827 (main:2485)
[2023-12-31 14:56:17 INFO]: 828 (main:2485)
[2023-12-31 14:56:17 INFO]: 829 (main:2485)
[2023-12-31 14:56:17 INFO]: 830 (main:2485)
[2023-12-31 14:56:17 INFO]: 831 (main:2486)
[2023-12-31 14:56:17 INFO]: 832 (main:2486)
[2023-12-31 14:56:17 INFO]: 833 (main:2486)
[2023-12-31 14:56:17 INFO]: 834 (main:2486)
[2023-12-31 14:56:17 INFO]: 835 (main:2486)
[2023-12-31 14:56:17 INFO]: 836 (main:2486)
[2023-12-31 14:56:17 INFO]: 837 (main:2486)
[2023-12-31 14:56:17 INFO]: 838 (main:2486)
[2023-12-31 14:56:17 INFO]: 839 (main:2486)
[2023-12-31 14:56:17 INFO]: 840 (main:2486)
[2023-12-31 14:56:17 INFO]: 841 (main:2486)
[2023-12-31 14:56:17 INFO]: 842 (main:2486)
[2023-12-31 14:56:17 INFO]: 843 (main:2486)
[2023-12-31 14:56:17 INFO]: 844 (main:2486)
[2023-12-31 14:56:17 INFO]: 845 (main:2486)
[2023-12-31 14:56:17 INFO]: 846 (main:2486)
[2023-12-31 14:56:17 INFO]: 847 (main:2486)
[2023-12-31 14:56:17 INFO]: 848 (main:2486)
[2023-12-31 14:56:17 INFO]: 849 (main:2486)
[2023-12-31 14:56:17 INFO]: 850 (main:2486)
[2023-12-31 14:56:17 INFO]: 851 (main:2486)
[2023-12-31 14:56:17 INFO]: 852 (main:2486)
[2023-12-31 14:56:17 INFO]: 853 (main:2486)
[2023-12-31 14:56:17 INFO]: 854 (main:2487)
[2023-12-31 14:56:17 INFO]: 855 (main:2487)
[2023-12-31 14:56:17 INFO]: 856 (main:2487)
[2023-12-31 14:56:17 INFO]: 857 (main:2487)
[2023-12-31 14:56:17 INFO]: 858 (main:2487)
[2023-12-31 14:56:17 INFO]: 859 (main:2487)
[2023-12-31 14:56:17 INFO]: 860 (main:2487)
[2023-12-31 14:56:17 INFO]: 861 (main:2487)
[2023-12-31 14:56:17 INFO]: 862 (main:2487)
[2023-12-31 14:56:17 INFO]: 863 (main:2487)
[2023-12-31 14:56:17 INFO]: 864 (main:2487)
[2023-12-31 14:56:17 INFO]: 865 (main:2487)
[2023-12-31 14:56:17 INFO]: 866 (main:2487)
[2023-12-31 14:56:17 INFO]: 867 (main:2487)
[2023-12-31 14:56:17 INFO]: 868 (main:2487)
[2023-12-31 14:56:17 INFO]: 869 (main:2487)
[2023-12-31 14:56:17 INFO]: 870 (main:2487)
[2023-12-31 14:56:17 INFO]: 871 (main:2488)
[2023-12-31 14:56:17 INFO]: 872 (main:2488)
[2023-12-31 14:56:17 INFO]: 873 (main:2488)
[2023-12-31 14:56:17 INFO]: 874 (main:2488)
[2023-12-31 14:56:17 INFO]: 875 (main:2488)
[2023-12-31 14:56:17 INFO]: 876 (main:2488)
[2023-12-31 14:56:17 INFO]: 877 (main:2488)
[2023-12-31 14:56:17 INFO]: 878 (main:2488)
[2023-12-31 14:56:17 INFO]: 879 (main:2488)
[2023-12-31 14:56:17 INFO]: 880 (main:2488)
[2023-12-31 14:56:17 INFO]: 881 (main:2488)
[2023-12-31 14:56:17 INFO]: 882 (main:2488)
[2023-12-31 14:56:17 INFO]: 883 (main:2488)
[2023-12-31 14:56:17 INFO]: 884 (main:2488)
[2023-12-31 14:56:17 INFO]: 885 (main:2488)
[2023-12-31 14:56:17 INFO]: 886 (main:2488)
[2023-12-31 14:56:17 INFO]: 887 (main:2488)
[2023-12-31 14:56:17 INFO]: 888 (main:2489)
[2023-12-31 14:56:17 INFO]: 889 (main:2489)
[2023-12-31 14:56:17 INFO]: 890 (main:2489)
[2023-12-31 14:56:17 INFO]: 891 (main:2489)
[2023-12-31 14:56:17 INFO]: 892 (main:2489)
[2023-12-31 14:56:17 INFO]: 893 (main:2489)
[2023-12-31 14:56:17 INFO]: 894 (main:2489)
[2023-12-31 14:56:17 INFO]: 895 (main:2489)
[2023-12-31 14:56:17 INFO]: 896 (main:2489)
[2023-12-31 14:56:17 INFO]: 897 (main:2489)
[2023-12-31 14:56:17 INFO]: 898 (main:2489)
[2023-12-31 14:56:17 INFO]: 899 (main:2489)
[2023-12-31 14:56:17 INFO]: 900 (main:2489)
[2023-12-31 14:56:17 INFO]: 901 (main:2489)
[2023-12-31 14:56:17 INFO]: 902 (main:2490)
[2023-12-31 14:56:17 INFO]: 903 (main:2490)
[2023-12-31 14:56:17 INFO]: 904 (main:2490)
[2023-12-31 14:56:17 INFO]: 905 (main:2490)
[2023-12-31 14:56:17 INFO]: 906 (main:2490)
[2023-12-31 14:56:17 INFO]: 907 (main:2490)
[2023-12-31 14:56:17 INFO]: 908 (main:2490)
[2023-12-31 14:56:17 INFO]: 909 (main:2490)
[2023-12-31 14:56:17 INFO]: 910 (main:2490)
[2023-12-31 14:56:17 INFO]: 911 (main:2490)
[2023-12-31 14:56:17 INFO]: 912 (main:2490)
[2023-12-31 14:56:17 INFO]: 913 (main:2490)
[2023-12-31 14:56:17 INFO]: 914 (main:2490)
[2023-12-31 14:56:17 INFO]: 915 (main:2491)
[2023-12-31 14:56:17 INFO]: 916 (main:2491)
[2023-12-31 14:56:17 INFO]: 917 (main:2491)
[2023-12-31 14:56:17 INFO]: 918 (main:2491)
[2023-12-31 14:56:17 INFO]: 919 (main:2491)
[2023-12-31 14:56:17 INFO]: 920 (main:2491)
[2023-12-31 14:56:17 INFO]: 921 (main:2491)
[2023-12-31 14:56:17 INFO]: 922 (main:2491)
[2023-12-31 14:56:17 INFO]: 923 (main:2491)
[2023-12-31 14:56:17 INFO]: 924 (main:2491)
[2023-12-31 14:56:17 INFO]: 925 (main:2491)
[2023-12-31 14:56:17 INFO]: 926 (main:2491)
[2023-12-31 14:56:17 INFO]: 927 (main:2491)
[2023-12-31 14:56:17 INFO]: 928 (main:2491)
[2023-12-31 14:56:17 INFO]: 929 (main:2491)
[2023-12-31 14:56:17 INFO]: 930 (main:2491)
[2023-12-31 14:56:17 INFO]: 931 (main:2491)
[2023-12-31 14:56:17 INFO]: 932 (main:2491)
[2023-12-31 14:56:17 INFO]: 933 (main:2491)
[2023-12-31 14:56:17 INFO]: 934 (main:2491)
[2023-12-31 14:56:17 INFO]: 935 (main:2491)
[2023-12-31 14:56:17 INFO]: 936 (main:2491)
[2023-12-31 14:56:17 INFO]: 937 (main:2491)
[2023-12-31 14:56:17 INFO]: 938 (main:2491)
[2023-12-31 14:56:17 INFO]: 939 (main:2492)
[2023-12-31 14:56:17 INFO]: 940 (main:2492)
[2023-12-31 14:56:17 INFO]: 941 (main:2492)
[2023-12-31 14:56:17 INFO]: 942 (main:2492)
[2023-12-31 14:56:17 INFO]: 943 (main:2492)
[2023-12-31 14:56:17 INFO]: 944 (main:2492)
[2023-12-31 14:56:17 INFO]: 945 (main:2492)
[2023-12-31 14:56:17 INFO]: 946 (main:2492)
[2023-12-31 14:56:17 INFO]: 947 (main:2492)
[2023-12-31 14:56:17 INFO]: 948 (main:2492)
[2023-12-31 14:56:17 INFO]: 949 (main:2492)
[2023-12-31 14:56:17 INFO]: 950 (main:2492)
[2023-12-31 14:56:17 INFO]: 951 (main:2492)
[2023-12-31 14:56:17 INFO]: 952 (main:2492)
[2023-12-31 14:56:17 INFO]: 953 (main:2492)
[2023-12-31 14:56:17 INFO]: 954 (main:2492)
[2023-12-31 14:56:17 INFO]: 955 (main:2492)
[2023-12-31 14:56:17 INFO]: 956 (main:2492)
[2023-12-31 14:56:17 INFO]: 957 (main:2492)
[2023-12-31 14:56:17 INFO]: 958 (main:2492)
[2023-12-31 14:56:17 INFO]: 959 (main:2492)
[2023-12-31 14:56:17 INFO]: 960 (main:2492)
[2023-12-31 14:56:17 INFO]: 961 (main:2492)
[2023-12-31 14:56:17 INFO]: 962 (main:2492)
[2023-12-31 14:56:17 INFO]: 963 (main:2492)
[2023-12-31 14:56:17 INFO]: 964 (main:2492)
[2023-12-31 14:56:17 INFO]: 965 (main:2492)
[2023-12-31 14:56:17 INFO]: 966 (main:2492)
[2023-12-31 14:56:17 INFO]: 967 (main:2492)
[2023-12-31 14:56:17 INFO]: 968 (main:2492)
[2023-12-31 14:56:17 INFO]: 969 (main:2493)
[2023-12-31 14:56:17 INFO]: 970 (main:2493)
[2023-12-31 14:56:17 INFO]: 971 (main:2493)
[2023-12-31 14:56:17 INFO]: 972 (main:2493)
[2023-12-31 14:56:17 INFO]: 973 (main:2493)
[2023-12-31 14:56:17 INFO]: 974 (main:2493)
[2023-12-31 14:56:17 INFO]: 975 (main:2493)
[2023-12-31 14:56:17 INFO]: 976 (main:2493)
[2023-12-31 14:56:17 INFO]: 977 (main:2493)
[2023-12-31 14:56:17 INFO]: 978 (main:2493)
[2023-12-31 14:56:17 INFO]: 979 (main:2493)
[2023-12-31 14:56:17 INFO]: 980 (main:2493)
[2023-12-31 14:56:17 INFO]: 981 (main:2493)
[2023-12-31 14:56:17 INFO]: 982 (main:2493)
[2023-12-31 14:56:17 INFO]: 983 (main:2493)
[2023-12-31 14:56:17 INFO]: 984 (main:2493)
[2023-12-31 14:56:17 INFO]: 985 (main:2493)
[2023-12-31 14:56:17 INFO]: 986 (main:2493)
[2023-12-31 14:56:17 INFO]: 987 (main:2493)
[2023-12-31 14:56:17 INFO]: 988 (main:2493)
[2023-12-31 14:56:17 INFO]: 989 (main:2493)
[2023-12-31 14:56:17 INFO]: 990 (main:2493)
[2023-12-31 14:56:17 INFO]: 991 (main:2493)
[2023-12-31 14:56:17 INFO]: 992 (main:2493)
[2023-12-31 14:56:17 INFO]: 993 (main:2493)
[2023-12-31 14:56:17 INFO]: 994 (main:2493)
[2023-12-31 14:56:17 INFO]: 995 (main:2493)
[2023-12-31 14:56:17 INFO]: 996 (main:2493)
[2023-12-31 14:56:17 INFO]: 997 (main:2493)
[2023-12-31 14:56:17 INFO]: 998 (main:2493)
[2023-12-31 14:56:17 INFO]: 999 (main:2493)
[2023-12-31 14:57:17.718 INFO]: Loading... (main:1604)
[2023-12-31 14:57:18.305 INFO]: load theme... (main:2191)
[2023-12-31 14:57:18.790 INFO]: Loaded! (main:2676)
[2023-12-31 14:57:18.790 INFO]: 0 (main:2676)
[2023-12-31 14:57:18.790 INFO]: 1 (main:2676)
[2023-12-31 14:57:18.790 INFO]: 2 (main:2676)
[2023-12-31 14:57:18.790 INFO]: 3 (main:2676)
[2023-12-31 14:57:18.791 INFO]: 4 (main:2677)
[2023-12-31 14:57:18.791 INFO]: 5 (main:2677)
[2023-12-31 14:57:18.791 INFO]: 6 (main:2677)
[2023-12-31 14:57:18.791 INFO]: 7 (main:2677)
[2023-12-31 14:57:18.791 INFO]: 8 (main:2677)
[2023-12-31 14:57:18.791 INFO]: 9 (main:2677)
[2023-12-31 14:57:18.792 INFO]: 10 (main:2678)
[2023-12-31 14:57:18.792 INFO]: 11 (main:2678)
[2023-12-31 14:57:18.792 INFO]: 12 (main:2678)
[2023-12-31 14:57:18.794 INFO]: 13 (main:2680)
[2023-12-31 14:57:18.795 INFO]: 14 (main:2681)
[2023-12-31 14:57:18.795 INFO]: 15 (main:2681)
[2023-12-31 14:57:18.797 INFO]: 16 (main:2683)
[2023-12-31 14:57:18.797 INFO]: 17 (main:2683)
[2023-12-31 14:57:18.797 INFO]: 18 (main:2683)
[2023-12-31 14:57:18.798 INFO]: 19 (main:2684)
[2023-12-31 14:57:18.798 INFO]: 20 (main:2684)
[2023-12-31 14:57:18.798 INFO]: 21 (main:2684)
[2023-12-31 14:57:18.798 INFO]: 22 (main:2684)
[2023-12-31 14:57:18.798 INFO]: 23 (main:2684)
[2023-12-31 14:57:18.798 INFO]: 24 (main:2684)
[2023-12-31 14:57:18.799 INFO]: 25 (main:2685)
[2023-12-31 14:57:18.799 INFO]: 26 (main:2685)
[2023-12-31 14:57:18.799 INFO]: 27 (main:2685)
[2023-12-31 14:57:18.799 INFO]: 28 (main:2685)
[2023-12-31 14:57:18.799 INFO]: 29 (main:2685)
[2023-12-31 14:57:18.800 INFO]: 30 (main:2686)
[2023-12-31 14:57:18.800 INFO]: 31 (main:2686)
[2023-12-31 14:57:18.800 INFO]: 32 (main:2686)
[2023-12-31 14:57:18.800 INFO]: 33 (main:2686)
[2023-12-31 14:57:18.800 INFO]: 34 (main:2686)
[2023-12-31 14:57:18.801 INFO]: 35 (main:2687)
[2023-12-31 14:57:18.801 INFO]: 36 (main:2687)
[2023-12-31 14:57:18.801 INFO]: 37 (main:2687)
[2023-12-31 14:57:18.802 INFO]: 38 (main:2688)
[2023-12-31 14:57:18.802 INFO]: 39 (main:2688)
[2023-12-31 14:57:18.802 INFO]: 40 (main:2688)
[2023-12-31 14:57:18.803 INFO]: 41 (main:2689)
[2023-12-31 14:57:18.803 INFO]: 42 (main:2689)
[2023-12-31 14:57:18.803 INFO]: 43 (main:2689)
[2023-12-31 14:57:18.803 INFO]: 44 (main:2689)
[2023-12-31 14:57:18.803 INFO]: 45 (main:2689)
[2023-12-31 14:57:18.803 INFO]: 46 (main:2689)
[2023-12-31 14:57:18.803 INFO]: 47 (main:2689)
[2023-12-31 14:57:18.804 INFO]: 48 (main:2690)
[2023-12-31 14:57:18.804 INFO]: 49 (main:2690)
[2023-12-31 14:57:18.804 INFO]: 50 (main:2690)
[2023-12-31 14:57:18.804 INFO]: 51 (main:2690)
[2023-12-31 14:57:18.804 INFO]: 52 (main:2690)
[2023-12-31 14:57:18.804 INFO]: 53 (main:2690)
[2023-12-31 14:57:18.804 INFO]: 54 (main:2690)
[2023-12-31 14:57:18.804 INFO]: 55 (main:2690)
[2023-12-31 14:57:18.804 INFO]: 56 (main:2690)
[2023-12-31 14:57:18.805 INFO]: 57 (main:2691)
[2023-12-31 14:57:18.805 INFO]: 58 (main:2691)
[2023-12-31 14:57:18.805 INFO]: 59 (main:2691)
[2023-12-31 14:57:18.805 INFO]: 60 (main:2691)
[2023-12-31 14:57:18.805 INFO]: 61 (main:2691)
[2023-12-31 14:57:18.805 INFO]: 62 (main:2691)
[2023-12-31 14:57:18.806 INFO]: 63 (main:2692)
[2023-12-31 14:57:18.806 INFO]: 64 (main:2692)
[2023-12-31 14:57:18.806 INFO]: 65 (main:2692)
[2023-12-31 14:57:18.806 INFO]: 66 (main:2692)
[2023-12-31 14:57:18.806 INFO]: 67 (main:2692)
[2023-12-31 14:57:18.806 INFO]: 68 (main:2692)
[2023-12-31 14:57:18.807 INFO]: 69 (main:2693)
[2023-12-31 14:57:18.807 INFO]: 70 (main:2693)
[2023-12-31 14:57:18.807 INFO]: 71 (main:2693)
[2023-12-31 14:57:18.807 INFO]: 72 (main:2693)
[2023-12-31 14:57:18.807 INFO]: 73 (main:2693)
[2023-12-31 14:57:18.807 INFO]: 74 (main:2693)
[2023-12-31 14:57:18.808 INFO]: 75 (main:2694)
[2023-12-31 14:57:18.808 INFO]: 76 (main:2694)
[2023-12-31 14:57:18.808 INFO]: 77 (main:2694)
[2023-12-31 14:57:18.808 INFO]: 78 (main:2694)
[2023-12-31 14:57:18.808 INFO]: 79 (main:2694)
[2023-12-31 14:57:18.808 INFO]: 80 (main:2694)
[2023-12-31 14:57:18.808 INFO]: 81 (main:2694)
[2023-12-31 14:57:18.809 INFO]: 82 (main:2695)
[2023-12-31 14:57:18.809 INFO]: 83 (main:2695)
[2023-12-31 14:57:18.810 INFO]: 84 (main:2696)
[2023-12-31 14:57:18.810 INFO]: 85 (main:2696)
[2023-12-31 14:57:18.810 INFO]: 86 (main:2696)
[2023-12-31 14:57:18.810 INFO]: 87 (main:2696)
[2023-12-31 14:57:18.810 INFO]: 88 (main:2696)
[2023-12-31 14:57:18.813 INFO]: 89 (main:2699)
[2023-12-31 14:57:18.814 INFO]: 90 (main:2700)
[2023-12-31 14:57:18.814 INFO]: 91 (main:2700)
[2023-12-31 14:57:18.814 INFO]: 92 (main:2700)
[2023-12-31 14:57:18.815 INFO]: 93 (main:2701)
[2023-12-31 14:57:18.815 INFO]: 94 (main:2701)
[2023-12-31 14:57:18.815 INFO]: 95 (main:2701)
[2023-12-31 14:57:18.815 INFO]: 96 (main:2701)
[2023-12-31 14:57:18.816 INFO]: 97 (main:2702)
[2023-12-31 14:57:18.816 INFO]: 98 (main:2702)
[2023-12-31 14:57:18.816 INFO]: 99 (main:2702)
[2023-12-31 14:57:18.816 INFO]: 100 (main:2702)
[2023-12-31 14:57:18.816 INFO]: 101 (main:2702)
[2023-12-31 14:57:18.816 INFO]: 102 (main:2702)
[2023-12-31 14:57:18.817 INFO]: 103 (main:2703)
[2023-12-31 14:57:18.817 INFO]: 104 (main:2703)
[2023-12-31 14:57:18.817 INFO]: 105 (main:2703)
[2023-12-31 14:57:18.817 INFO]: 106 (main:2703)
[2023-12-31 14:57:18.817 INFO]: 107 (main:2703)
[2023-12-31 14:57:18.817 INFO]: 108 (main:2703)
[2023-12-31 14:57:18.818 INFO]: 109 (main:2704)
[2023-12-31 14:57:18.818 INFO]: 110 (main:2704)
[2023-12-31 14:57:18.818 INFO]: 111 (main:2704)
[2023-12-31 14:57:18.818 INFO]: 112 (main:2704)
[2023-12-31 14:57:18.818 INFO]: 113 (main:2704)
[2023-12-31 14:57:18.819 INFO]: 114 (main:2705)
[2023-12-31 14:57:18.819 INFO]: 115 (main:2705)
[2023-12-31 14:57:18.819 INFO]: 116 (main:2705)
[2023-12-31 14:57:18.819 INFO]: 117 (main:2705)
[2023-12-31 14:57:18.819 INFO]: 118 (main:2705)
[2023-12-31 14:57:18.819 INFO]: 119 (main:2705)
[2023-12-31 14:57:18.820 INFO]: 120 (main:2706)
[2023-12-31 14:57:18.820 INFO]: 121 (main:2706)
[2023-12-31 14:57:18.820 INFO]: 122 (main:2706)
[2023-12-31 14:57:18.820 INFO]: 123 (main:2706)
[2023-12-31 14:57:18.820 INFO]: 124 (main:2706)
[2023-12-31 14:57:18.820 INFO]: 125 (main:2706)
[2023-12-31 14:57:18.820 INFO]: 126 (main:2706)
[2023-12-31 14:57:18.821 INFO]: 127 (main:2707)
[2023-12-31 14:57:18.821 INFO]: 128 (main:2707)
[2023-12-31 14:57:18.821 INFO]: 129 (main:2707)
[2023-12-31 14:57:18.821 INFO]: 130 (main:2707)
[2023-12-31 14:57:18.821 INFO]: 131 (main:2707)
[2023-12-31 14:57:18.821 INFO]: 132 (main:2707)
[2023-12-31 14:57:18.821 INFO]: 133 (main:2707)
[2023-12-31 14:57:18.821 INFO]: 134 (main:2707)
[2023-12-31 14:57:18.821 INFO]: 135 (main:2707)
[2023-12-31 14:57:18.822 INFO]: 136 (main:2708)
[2023-12-31 14:57:18.822 INFO]: 137 (main:2708)
[2023-12-31 14:57:18.822 INFO]: 138 (main:2708)
[2023-12-31 14:57:18.822 INFO]: 139 (main:2708)
[2023-12-31 14:57:18.822 INFO]: 140 (main:2708)
[2023-12-31 14:57:18.822 INFO]: 141 (main:2708)
[2023-12-31 14:57:18.822 INFO]: 142 (main:2708)
[2023-12-31 14:57:18.822 INFO]: 143 (main:2708)
[2023-12-31 14:57:18.823 INFO]: 144 (main:2709)
[2023-12-31 14:57:18.823 INFO]: 145 (main:2709)
[2023-12-31 14:57:18.823 INFO]: 146 (main:2709)
[2023-12-31 14:57:18.823 INFO]: 147 (main:2709)
[2023-12-31 14:57:18.823 INFO]: 148 (main:2709)
[2023-12-31 14:57:18.823 INFO]: 149 (main:2709)
[2023-12-31 14:57:18.823 INFO]: 150 (main:2709)
[2023-12-31 14:57:18.823 INFO]: 151 (main:2709)
[2023-12-31 14:57:18.824 INFO]: 152 (main:2710)
[2023-12-31 14:57:18.824 INFO]: 153 (main:2710)
[2023-12-31 14:57:18.824 INFO]: 154 (main:2710)
[2023-12-31 14:57:18.824 INFO]: 155 (main:2710)
[2023-12-31 14:57:18.824 INFO]: 156 (main:2710)
[2023-12-31 14:57:18.824 INFO]: 157 (main:2710)
[2023-12-31 14:57:18.824 INFO]: 158 (main:2710)
[2023-12-31 14:57:18.825 INFO]: 159 (main:2711)
[2023-12-31 14:57:18.825 INFO]: 160 (main:2711)
[2023-12-31 14:57:18.825 INFO]: 161 (main:2711)
[2023-12-31 14:57:18.825 INFO]: 162 (main:2711)
[2023-12-31 14:57:18.825 INFO]: 163 (main:2711)
[2023-12-31 14:57:18.826 INFO]: 164 (main:2712)
[2023-12-31 14:57:18.826 INFO]: 165 (main:2712)
[2023-12-31 14:57:18.826 INFO]: 166 (main:2712)
[2023-12-31 14:57:18.826 INFO]: 167 (main:2712)
[2023-12-31 14:57:18.826 INFO]: 168 (main:2712)
[2023-12-31 14:57:18.827 INFO]: 169 (main:2713)
[2023-12-31 14:57:18.827 INFO]: 170 (main:2713)
[2023-12-31 14:57:18.827 INFO]: 171 (main:2713)
[2023-12-31 14:57:18.827 INFO]: 172 (main:2713)
[2023-12-31 14:57:18.827 INFO]: 173 (main:2713)
[2023-12-31 14:57:18.827 INFO]: 174 (main:2713)
[2023-12-31 14:57:18.828 INFO]: 175 (main:2714)
[2023-12-31 14:57:18.828 INFO]: 176 (main:2714)
[2023-12-31 14:57:18.828 INFO]: 177 (main:2714)
[2023-12-31 14:57:18.828 INFO]: 178 (main:2714)
[2023-12-31 14:57:18.828 INFO]: 179 (main:2714)
[2023-12-31 14:57:18.829 INFO]: 180 (main:2715)
[2023-12-31 14:57:18.829 INFO]: 181 (main:2715)
[2023-12-31 14:57:18.830 INFO]: 182 (main:2716)
[2023-12-31 14:57:18.830 INFO]: 183 (main:2716)
[2023-12-31 14:57:18.830 INFO]: 184 (main:2716)
[2023-12-31 14:57:18.830 INFO]: 185 (main:2716)
[2023-12-31 14:57:18.830 INFO]: 186 (main:2716)
[2023-12-31 14:57:18.830 INFO]: 187 (main:2716)
[2023-12-31 14:57:18.830 INFO]: 188 (main:2716)
[2023-12-31 14:57:18.831 INFO]: 189 (main:2717)
[2023-12-31 14:57:18.831 INFO]: 190 (main:2717)
[2023-12-31 14:57:18.831 INFO]: 191 (main:2717)
[2023-12-31 14:57:18.831 INFO]: 192 (main:2717)
[2023-12-31 14:57:18.831 INFO]: 193 (main:2717)
[2023-12-31 14:57:18.831 INFO]: 194 (main:2717)
[2023-12-31 14:57:18.831 INFO]: 195 (main:2717)
[2023-12-31 14:57:18.831 INFO]: 196 (main:2717)
[2023-12-31 14:57:18.831 INFO]: 197 (main:2717)
[2023-12-31 14:57:18.832 INFO]: 198 (main:2718)
[2023-12-31 14:57:18.832 INFO]: 199 (main:2718)
[2023-12-31 14:57:18.832 INFO]: 200 (main:2718)
[2023-12-31 14:57:18.832 INFO]: 201 (main:2718)
[2023-12-31 14:57:18.832 INFO]: 202 (main:2718)
[2023-12-31 14:57:18.832 INFO]: 203 (main:2718)
[2023-12-31 14:57:18.832 INFO]: 204 (main:2718)
[2023-12-31 14:57:18.832 INFO]: 205 (main:2718)
[2023-12-31 14:57:18.832 INFO]: 206 (main:2718)
[2023-12-31 14:57:18.833 INFO]: 207 (main:2719)
[2023-12-31 14:57:18.833 INFO]: 208 (main:2719)
[2023-12-31 14:57:18.833 INFO]: 209 (main:2719)
[2023-12-31 14:57:18.833 INFO]: 210 (main:2719)
[2023-12-31 14:57:18.833 INFO]: 211 (main:2719)
[2023-12-31 14:57:18.833 INFO]: 212 (main:2719)
[2023-12-31 14:57:18.833 INFO]: 213 (main:2719)
[2023-12-31 14:57:18.833 INFO]: 214 (main:2719)
[2023-12-31 14:57:18.834 INFO]: 215 (main:2720)
[2023-12-31 14:57:18.834 INFO]: 216 (main:2720)
[2023-12-31 14:57:18.834 INFO]: 217 (main:2720)
[2023-12-31 14:57:18.834 INFO]: 218 (main:2720)
[2023-12-31 14:57:18.834 INFO]: 219 (main:2720)
[2023-12-31 14:57:18.834 INFO]: 220 (main:2720)
[2023-12-31 14:57:18.834 INFO]: 221 (main:2720)
[2023-12-31 14:57:18.834 INFO]: 222 (main:2720)
[2023-12-31 14:57:18.834 INFO]: 223 (main:2720)
[2023-12-31 14:57:18.835 INFO]: 224 (main:2721)
[2023-12-31 14:57:18.835 INFO]: 225 (main:2721)
[2023-12-31 14:57:18.835 INFO]: 226 (main:2721)
[2023-12-31 14:57:18.835 INFO]: 227 (main:2721)
[2023-12-31 14:57:18.835 INFO]: 228 (main:2721)
[2023-12-31 14:57:18.835 INFO]: 229 (main:2721)
[2023-12-31 14:57:18.835 INFO]: 230 (main:2721)
[2023-12-31 14:57:18.836 INFO]: 231 (main:2722)
[2023-12-31 14:57:18.836 INFO]: 232 (main:2722)
[2023-12-31 14:57:18.836 INFO]: 233 (main:2722)
[2023-12-31 14:57:18.836 INFO]: 234 (main:2722)
[2023-12-31 14:57:18.836 INFO]: 235 (main:2722)
[2023-12-31 14:57:18.836 INFO]: 236 (main:2722)
[2023-12-31 14:57:18.837 INFO]: 237 (main:2723)
[2023-12-31 14:57:18.837 INFO]: 238 (main:2723)
[2023-12-31 14:57:18.837 INFO]: 239 (main:2723)
[2023-12-31 14:57:18.837 INFO]: 240 (main:2723)
[2023-12-31 14:57:18.837 INFO]: 241 (main:2723)
[2023-12-31 14:57:18.837 INFO]: 242 (main:2723)
[2023-12-31 14:57:18.837 INFO]: 243 (main:2723)
[2023-12-31 14:57:18.837 INFO]: 244 (main:2723)
[2023-12-31 14:57:18.837 INFO]: 245 (main:2723)
[2023-12-31 14:57:18.837 INFO]: 246 (main:2723)
[2023-12-31 14:57:18.838 INFO]: 247 (main:2724)
[2023-12-31 14:57:18.838 INFO]: 248 (main:2724)
[2023-12-31 14:57:18.838 INFO]: 249 (main:2724)
[2023-12-31 14:57:18.838 INFO]: 250 (main:2724)
[2023-12-31 14:57:18.838 INFO]: 251 (main:2724)
[2023-12-31 14:57:18.838 INFO]: 252 (main:2724)
[2023-12-31 14:57:18.839 INFO]: 253 (main:2725)
[2023-12-31 14:57:18.839 INFO]: 254 (main:2725)
[2023-12-31 14:57:18.839 INFO]: 255 (main:2725)
[2023-12-31 14:57:18.839 INFO]: 256 (main:2725)
[2023-12-31 14:57:18.839 INFO]: 257 (main:2725)
[2023-12-31 14:57:18.839 INFO]: 258 (main:2725)
[2023-12-31 14:57:18.839 INFO]: 259 (main:2725)
[2023-12-31 14:57:18.839 INFO]: 260 (main:2725)
[2023-12-31 14:57:18.839 INFO]: 261 (main:2725)
[2023-12-31 14:57:18.839 INFO]: 262 (main:2725)
[2023-12-31 14:57:18.840 INFO]: 263 (main:2726)
[2023-12-31 14:57:18.840 INFO]: 264 (main:2726)
[2023-12-31 14:57:18.840 INFO]: 265 (main:2726)
[2023-12-31 14:57:18.840 INFO]: 266 (main:2726)
[2023-12-31 14:57:18.840 INFO]: 267 (main:2726)
[2023-12-31 14:57:18.840 INFO]: 268 (main:2726)
[2023-12-31 14:57:18.840 INFO]: 269 (main:2726)
[2023-12-31 14:57:18.840 INFO]: 270 (main:2726)
[2023-12-31 14:57:18.840 INFO]: 271 (main:2726)
[2023-12-31 14:57:18.840 INFO]: 272 (main:2726)
[2023-12-31 14:57:18.840 INFO]: 273 (main:2726)
[2023-12-31 14:57:18.842 INFO]: 274 (main:2728)
[2023-12-31 14:57:18.842 INFO]: 275 (main:2728)
[2023-12-31 14:57:18.842 INFO]: 276 (main:2728)
[2023-12-31 14:57:18.842 INFO]: 277 (main:2728)
[2023-12-31 14:57:18.842 INFO]: 278 (main:2728)
[2023-12-31 14:57:18.843 INFO]: 279 (main:2729)
[2023-12-31 14:57:18.843 INFO]: 280 (main:2729)
[2023-12-31 14:57:18.843 INFO]: 281 (main:2729)
[2023-12-31 14:57:18.843 INFO]: 282 (main:2729)
[2023-12-31 14:57:18.843 INFO]: 283 (main:2729)
[2023-12-31 14:57:18.843 INFO]: 284 (main:2729)
[2023-12-31 14:57:18.843 INFO]: 285 (main:2729)
[2023-12-31 14:57:18.843 INFO]: 286 (main:2729)
[2023-12-31 14:57:18.843 INFO]: 287 (main:2729)
[2023-12-31 14:57:18.843 INFO]: 288 (main:2729)
[2023-12-31 14:57:18.843 INFO]: 289 (main:2729)
[2023-12-31 14:57:18.843 INFO]: 290 (main:2729)
[2023-12-31 14:57:18.844 INFO]: 291 (main:2730)
[2023-12-31 14:57:18.844 INFO]: 292 (main:2730)
[2023-12-31 14:57:18.844 INFO]: 293 (main:2730)
[2023-12-31 14:57:18.844 INFO]: 294 (main:2730)
[2023-12-31 14:57:18.844 INFO]: 295 (main:2730)
[2023-12-31 14:57:18.844 INFO]: 296 (main:2730)
[2023-12-31 14:57:18.844 INFO]: 297 (main:2730)
[2023-12-31 14:57:18.844 INFO]: 298 (main:2730)
[2023-12-31 14:57:18.844 INFO]: 299 (main:2730)
[2023-12-31 14:57:18.844 INFO]: 300 (main:2730)
[2023-12-31 14:57:18.845 INFO]: 301 (main:2731)
[2023-12-31 14:57:18.845 INFO]: 302 (main:2731)
[2023-12-31 14:57:18.845 INFO]: 303 (main:2731)
[2023-12-31 14:57:18.845 INFO]: 304 (main:2731)
[2023-12-31 14:57:18.846 INFO]: 305 (main:2732)
[2023-12-31 14:57:18.846 INFO]: 306 (main:2732)
[2023-12-31 14:57:18.846 INFO]: 307 (main:2732)
[2023-12-31 14:57:18.846 INFO]: 308 (main:2732)
[2023-12-31 14:57:18.846 INFO]: 309 (main:2732)
[2023-12-31 14:57:18.846 INFO]: 310 (main:2732)
[2023-12-31 14:57:18.846 INFO]: 311 (main:2732)
[2023-12-31 14:57:18.846 INFO]: 312 (main:2732)
[2023-12-31 14:57:18.846 INFO]: 313 (main:2732)
[2023-12-31 14:57:18.847 INFO]: 314 (main:2733)
[2023-12-31 14:57:18.847 INFO]: 315 (main:2733)
[2023-12-31 14:57:18.847 INFO]: 316 (main:2733)
[2023-12-31 14:57:18.847 INFO]: 317 (main:2733)
[2023-12-31 14:57:18.847 INFO]: 318 (main:2733)
[2023-12-31 14:57:18.847 INFO]: 319 (main:2733)
[2023-12-31 14:57:18.847 INFO]: 320 (main:2733)
[2023-12-31 14:57:18.847 INFO]: 321 (main:2733)
[2023-12-31 14:57:18.848 INFO]: 322 (main:2734)
[2023-12-31 14:57:18.848 INFO]: 323 (main:2734)
[2023-12-31 14:57:18.848 INFO]: 324 (main:2734)
[2023-12-31 14:57:18.848 INFO]: 325 (main:2734)
[2023-12-31 14:57:18.848 INFO]: 326 (main:2734)
[2023-12-31 14:57:18.848 INFO]: 327 (main:2734)
[2023-12-31 14:57:18.848 INFO]: 328 (main:2734)
[2023-12-31 14:57:18.848 INFO]: 329 (main:2734)
[2023-12-31 14:57:18.849 INFO]: 330 (main:2735)
[2023-12-31 14:57:18.849 INFO]: 331 (main:2735)
[2023-12-31 14:57:18.849 INFO]: 332 (main:2735)
[2023-12-31 14:57:18.849 INFO]: 333 (main:2735)
[2023-12-31 14:57:18.849 INFO]: 334 (main:2735)
[2023-12-31 14:57:18.849 INFO]: 335 (main:2735)
[2023-12-31 14:57:18.849 INFO]: 336 (main:2735)
[2023-12-31 14:57:18.849 INFO]: 337 (main:2735)
[2023-12-31 14:57:18.850 INFO]: 338 (main:2736)
[2023-12-31 14:57:18.850 INFO]: 339 (main:2736)
[2023-12-31 14:57:18.850 INFO]: 340 (main:2736)
[2023-12-31 14:57:18.850 INFO]: 341 (main:2736)
[2023-12-31 14:57:18.850 INFO]: 342 (main:2736)
[2023-12-31 14:57:18.850 INFO]: 343 (main:2736)
[2023-12-31 14:57:18.850 INFO]: 344 (main:2736)
[2023-12-31 14:57:18.850 INFO]: 345 (main:2736)
[2023-12-31 14:57:18.850 INFO]: 346 (main:2736)
[2023-12-31 14:57:18.851 INFO]: 347 (main:2737)
[2023-12-31 14:57:18.851 INFO]: 348 (main:2737)
[2023-12-31 14:57:18.851 INFO]: 349 (main:2737)
[2023-12-31 14:57:18.852 INFO]: 350 (main:2738)
[2023-12-31 14:57:18.852 INFO]: 351 (main:2738)
[2023-12-31 14:57:18.852 INFO]: 352 (main:2738)
[2023-12-31 14:57:18.852 INFO]: 353 (main:2738)
[2023-12-31 14:57:18.852 INFO]: 354 (main:2738)
[2023-12-31 14:57:18.852 INFO]: 355 (main:2738)
[2023-12-31 14:57:18.852 INFO]: 356 (main:2738)
[2023-12-31 14:57:18.852 INFO]: 357 (main:2738)
[2023-12-31 14:57:18.852 INFO]: 358 (main:2738)
[2023-12-31 14:57:18.852 INFO]: 359 (main:2738)
[2023-12-31 14:57:18.852 INFO]: 360 (main:2738)
[2023-12-31 14:57:18.853 INFO]: 361 (main:2739)
[2023-12-31 14:57:18.853 INFO]: 362 (main:2739)
[2023-12-31 14:57:18.853 INFO]: 363 (main:2739)
[2023-12-31 14:57:18.853 INFO]: 364 (main:2739)
[2023-12-31 14:57:18.853 INFO]: 365 (main:2739)
[2023-12-31 14:57:18.853 INFO]: 366 (main:2739)
[2023-12-31 14:57:18.853 INFO]: 367 (main:2739)
[2023-12-31 14:57:18.853 INFO]: 368 (main:2739)
[2023-12-31 14:57:18.853 INFO]: 369 (main:2739)
[2023-12-31 14:57:18.853 INFO]: 370 (main:2739)
[2023-12-31 14:57:18.853 INFO]: 371 (main:2739)
[2023-12-31 14:57:18.853 INFO]: 372 (main:2739)
[2023-12-31 14:57:18.854 INFO]: 373 (main:2740)
[2023-12-31 14:57:18.854 INFO]: 374 (main:2740)
[2023-12-31 14:57:18.854 INFO]: 375 (main:2740)
[2023-12-31 14:57:18.854 INFO]: 376 (main:2740)
[2023-12-31 14:57:18.854 INFO]: 377 (main:2740)
[2023-12-31 14:57:18.854 INFO]: 378 (main:2740)
[2023-12-31 14:57:18.854 INFO]: 379 (main:2740)
[2023-12-31 14:57:18.854 INFO]: 380 (main:2740)
[2023-12-31 14:57:18.854 INFO]: 381 (main:2740)
[2023-12-31 14:57:18.855 INFO]: 382 (main:2741)
[2023-12-31 14:57:18.855 INFO]: 383 (main:2741)
[2023-12-31 14:57:18.855 INFO]: 384 (main:2741)
[2023-12-31 14:57:18.855 INFO]: 385 (main:2741)
[2023-12-31 14:57:18.855 INFO]: 386 (main:2741)
[2023-12-31 14:57:18.855 INFO]: 387 (main:2741)
[2023-12-31 14:57:18.855 INFO]: 388 (main:2741)
[2023-12-31 14:57:18.855 INFO]: 389 (main:2741)
[2023-12-31 14:57:18.855 INFO]: 390 (main:2741)
[2023-12-31 14:57:18.855 INFO]: 391 (main:2741)
[2023-12-31 14:57:18.855 INFO]: 392 (main:2741)
[2023-12-31 14:57:18.855 INFO]: 393 (main:2741)
[2023-12-31 14:57:18.855 INFO]: 394 (main:2741)
[2023-12-31 14:57:18.855 INFO]: 395 (main:2741)
[2023-12-31 14:57:18.855 INFO]: 396 (main:2741)
[2023-12-31 14:57:18.856 INFO]: 397 (main:2742)
[2023-12-31 14:57:18.856 INFO]: 398 (main:2742)
[2023-12-31 14:57:18.856 INFO]: 399 (main:2742)
[2023-12-31 14:57:18.856 INFO]: 400 (main:2742)
[2023-12-31 14:57:18.856 INFO]: 401 (main:2742)
[2023-12-31 14:57:18.856 INFO]: 402 (main:2742)
[2023-12-31 14:57:18.858 INFO]: 403 (main:2744)
[2023-12-31 14:57:18.859 INFO]: 404 (main:2745)
[2023-12-31 14:57:18.861 INFO]: 405 (main:2747)
[2023-12-31 14:57:18.864 INFO]: 406 (main:2750)
[2023-12-31 14:57:18.865 INFO]: 407 (main:2751)
[2023-12-31 14:57:18.866 INFO]: 408 (main:2752)
[2023-12-31 14:57:18.866 INFO]: 409 (main:2752)
[2023-12-31 14:57:18.866 INFO]: 410 (main:2752)
[2023-12-31 14:57:18.866 INFO]: 411 (main:2752)
[2023-12-31 14:57:18.866 INFO]: 412 (main:2752)
[2023-12-31 14:57:18.867 INFO]: 413 (main:2753)
[2023-12-31 14:57:18.867 INFO]: 414 (main:2753)
[2023-12-31 14:57:18.867 INFO]: 415 (main:2753)
[2023-12-31 14:57:18.867 INFO]: 416 (main:2753)
[2023-12-31 14:57:18.867 INFO]: 417 (main:2753)
[2023-12-31 14:57:18.867 INFO]: 418 (main:2753)
[2023-12-31 14:57:18.868 INFO]: 419 (main:2754)
[2023-12-31 14:57:18.868 INFO]: 420 (main:2754)
[2023-12-31 14:57:18.868 INFO]: 421 (main:2754)
[2023-12-31 14:57:18.869 INFO]: 422 (main:2755)
[2023-12-31 14:57:18.869 INFO]: 423 (main:2755)
[2023-12-31 14:57:18.869 INFO]: 424 (main:2755)
[2023-12-31 14:57:18.869 INFO]: 425 (main:2755)
[2023-12-31 14:57:18.869 INFO]: 426 (main:2755)
[2023-12-31 14:57:18.869 INFO]: 427 (main:2755)
[2023-12-31 14:57:18.869 INFO]: 428 (main:2755)
[2023-12-31 14:57:18.869 INFO]: 429 (main:2755)
[2023-12-31 14:57:18.869 INFO]: 430 (main:2755)
[2023-12-31 14:57:18.869 INFO]: 431 (main:2755)
[2023-12-31 14:57:18.870 INFO]: 432 (main:2756)
[2023-12-31 14:57:18.870 INFO]: 433 (main:2756)
[2023-12-31 14:57:18.870 INFO]: 434 (main:2756)
[2023-12-31 14:57:18.870 INFO]: 435 (main:2756)
[2023-12-31 14:57:18.870 INFO]: 436 (main:2756)
[2023-12-31 14:57:18.870 INFO]: 437 (main:2756)
[2023-12-31 14:57:18.871 INFO]: 438 (main:2757)
[2023-12-31 14:57:18.871 INFO]: 439 (main:2757)
[2023-12-31 14:57:18.877 INFO]: 440 (main:2763)
[2023-12-31 14:57:18.877 INFO]: 441 (main:2763)
[2023-12-31 14:57:18.877 INFO]: 442 (main:2763)
[2023-12-31 14:57:18.877 INFO]: 443 (main:2763)
[2023-12-31 14:57:18.877 INFO]: 444 (main:2763)
[2023-12-31 14:57:18.877 INFO]: 445 (main:2763)
[2023-12-31 14:57:18.877 INFO]: 446 (main:2763)
[2023-12-31 14:57:18.877 INFO]: 447 (main:2763)
[2023-12-31 14:57:18.878 INFO]: 448 (main:2764)
[2023-12-31 14:57:18.878 INFO]: 449 (main:2764)
[2023-12-31 14:57:18.878 INFO]: 450 (main:2764)
[2023-12-31 14:57:18.878 INFO]: 451 (main:2764)
[2023-12-31 14:57:18.878 INFO]: 452 (main:2764)
[2023-12-31 14:57:18.878 INFO]: 453 (main:2764)
[2023-12-31 14:57:18.879 INFO]: 454 (main:2765)
[2023-12-31 14:57:18.879 INFO]: 455 (main:2765)
[2023-12-31 14:57:18.879 INFO]: 456 (main:2765)
[2023-12-31 14:57:18.880 INFO]: 457 (main:2766)
[2023-12-31 14:57:18.880 INFO]: 458 (main:2766)
[2023-12-31 14:57:18.880 INFO]: 459 (main:2766)
[2023-12-31 14:57:18.880 INFO]: 460 (main:2766)
[2023-12-31 14:57:18.880 INFO]: 461 (main:2766)
[2023-12-31 14:57:18.880 INFO]: 462 (main:2766)
[2023-12-31 14:57:18.880 INFO]: 463 (main:2766)
[2023-12-31 14:57:18.880 INFO]: 464 (main:2766)
[2023-12-31 14:57:18.880 INFO]: 465 (main:2766)
[2023-12-31 14:57:18.881 INFO]: 466 (main:2767)
[2023-12-31 14:57:18.881 INFO]: 467 (main:2767)
[2023-12-31 14:57:18.882 INFO]: 468 (main:2768)
[2023-12-31 14:57:18.882 INFO]: 469 (main:2768)
[2023-12-31 14:57:18.882 INFO]: 470 (main:2768)
[2023-12-31 14:57:18.882 INFO]: 471 (main:2768)
[2023-12-31 14:57:18.882 INFO]: 472 (main:2768)
[2023-12-31 14:57:18.883 INFO]: 473 (main:2769)
[2023-12-31 14:57:18.883 INFO]: 474 (main:2769)
[2023-12-31 14:57:18.883 INFO]: 475 (main:2769)
[2023-12-31 14:57:18.883 INFO]: 476 (main:2769)
[2023-12-31 14:57:18.883 INFO]: 477 (main:2769)
[2023-12-31 14:57:18.883 INFO]: 478 (main:2769)
[2023-12-31 14:57:18.883 INFO]: 479 (main:2769)
[2023-12-31 14:57:18.883 INFO]: 480 (main:2769)
[2023-12-31 14:57:18.883 INFO]: 481 (main:2769)
[2023-12-31 14:57:18.883 INFO]: 482 (main:2769)
[2023-12-31 14:57:18.883 INFO]: 483 (main:2769)
[2023-12-31 14:57:18.883 INFO]: 484 (main:2769)
[2023-12-31 14:57:18.884 INFO]: 485 (main:2770)
[2023-12-31 14:57:18.884 INFO]: 486 (main:2770)
[2023-12-31 14:57:18.884 INFO]: 487 (main:2770)
[2023-12-31 14:57:18.884 INFO]: 488 (main:2770)
[2023-12-31 14:57:18.884 INFO]: 489 (main:2770)
[2023-12-31 14:57:18.884 INFO]: 490 (main:2770)
[2023-12-31 14:57:18.884 INFO]: 491 (main:2770)
[2023-12-31 14:57:18.884 INFO]: 492 (main:2770)
[2023-12-31 14:57:18.884 INFO]: 493 (main:2770)
[2023-12-31 14:57:18.884 INFO]: 494 (main:2770)
[2023-12-31 14:57:18.884 INFO]: 495 (main:2770)
[2023-12-31 14:57:18.884 INFO]: 496 (main:2770)
[2023-12-31 14:57:18.884 INFO]: 497 (main:2770)
[2023-12-31 14:57:18.885 INFO]: 498 (main:2771)
[2023-12-31 14:57:18.885 INFO]: 499 (main:2771)
[2023-12-31 14:57:18.885 INFO]: 500 (main:2771)
[2023-12-31 14:57:18.885 INFO]: 501 (main:2771)
[2023-12-31 14:57:18.885 INFO]: 502 (main:2771)
[2023-12-31 14:57:18.885 INFO]: 503 (main:2771)
[2023-12-31 14:57:18.885 INFO]: 504 (main:2771)
[2023-12-31 14:57:18.885 INFO]: 505 (main:2771)
[2023-12-31 14:57:18.885 INFO]: 506 (main:2771)
[2023-12-31 14:57:18.885 INFO]: 507 (main:2771)
[2023-12-31 14:57:18.885 INFO]: 508 (main:2771)
[2023-12-31 14:57:18.886 INFO]: 509 (main:2772)
[2023-12-31 14:57:18.886 INFO]: 510 (main:2772)
[2023-12-31 14:57:18.886 INFO]: 511 (main:2772)
[2023-12-31 14:57:18.886 INFO]: 512 (main:2772)
[2023-12-31 14:57:18.886 INFO]: 513 (main:2772)
[2023-12-31 14:57:18.886 INFO]: 514 (main:2772)
[2023-12-31 14:57:18.886 INFO]: 515 (main:2772)
[2023-12-31 14:57:18.886 INFO]: 516 (main:2772)
[2023-12-31 14:57:18.886 INFO]: 517 (main:2772)
[2023-12-31 14:57:18.886 INFO]: 518 (main:2772)
[2023-12-31 14:57:18.886 INFO]: 519 (main:2772)
[2023-12-31 14:57:18.887 INFO]: 520 (main:2773)
[2023-12-31 14:57:18.887 INFO]: 521 (main:2773)
[2023-12-31 14:57:18.887 INFO]: 522 (main:2773)
[2023-12-31 14:57:18.887 INFO]: 523 (main:2773)
[2023-12-31 14:57:18.887 INFO]: 524 (main:2773)
[2023-12-31 14:57:18.887 INFO]: 525 (main:2773)
[2023-12-31 14:57:18.887 INFO]: 526 (main:2773)
[2023-12-31 14:57:18.887 INFO]: 527 (main:2773)
[2023-12-31 14:57:18.887 INFO]: 528 (main:2773)
[2023-12-31 14:57:18.887 INFO]: 529 (main:2773)
[2023-12-31 14:57:18.887 INFO]: 530 (main:2773)
[2023-12-31 14:57:18.887 INFO]: 531 (main:2773)
[2023-12-31 14:57:18.887 INFO]: 532 (main:2773)
[2023-12-31 14:57:18.888 INFO]: 533 (main:2774)
[2023-12-31 14:57:18.888 INFO]: 534 (main:2774)
[2023-12-31 14:57:18.888 INFO]: 535 (main:2774)
[2023-12-31 14:57:18.888 INFO]: 536 (main:2774)
[2023-12-31 14:57:18.888 INFO]: 537 (main:2774)
[2023-12-31 14:57:18.888 INFO]: 538 (main:2774)
[2023-12-31 14:57:18.888 INFO]: 539 (main:2774)
[2023-12-31 14:57:18.888 INFO]: 540 (main:2774)
[2023-12-31 14:57:18.889 INFO]: 541 (main:2775)
[2023-12-31 14:57:18.890 INFO]: 542 (main:2776)
[2023-12-31 14:57:18.891 INFO]: 543 (main:2777)
[2023-12-31 14:57:18.891 INFO]: 544 (main:2777)
[2023-12-31 14:57:18.891 INFO]: 545 (main:2777)
[2023-12-31 14:57:18.891 INFO]: 546 (main:2777)
[2023-12-31 14:57:18.891 INFO]: 547 (main:2777)
[2023-12-31 14:57:18.891 INFO]: 548 (main:2777)
[2023-12-31 14:57:18.891 INFO]: 549 (main:2777)
[2023-12-31 14:57:18.892 INFO]: 550 (main:2778)
[2023-12-31 14:57:18.892 INFO]: 551 (main:2778)
[2023-12-31 14:57:18.892 INFO]: 552 (main:2778)
[2023-12-31 14:57:18.892 INFO]: 553 (main:2778)
[2023-12-31 14:57:18.892 INFO]: 554 (main:2778)
[2023-12-31 14:57:18.892 INFO]: 555 (main:2778)
[2023-12-31 14:57:18.892 INFO]: 556 (main:2778)
[2023-12-31 14:57:18.892 INFO]: 557 (main:2778)
[2023-12-31 14:57:18.892 INFO]: 558 (main:2778)
[2023-12-31 14:57:18.892 INFO]: 559 (main:2778)
[2023-12-31 14:57:18.892 INFO]: 560 (main:2778)
[2023-12-31 14:57:18.892 INFO]: 561 (main:2778)
[2023-12-31 14:57:18.892 INFO]: 562 (main:2778)
[2023-12-31 14:57:18.892 INFO]: 563 (main:2778)
[2023-12-31 14:57:18.892 INFO]: 564 (main:2778)
[2023-12-31 14:57:18.893 INFO]: 565 (main:2779)
[2023-12-31 14:57:18.893 INFO]: 566 (main:2779)
[2023-12-31 14:57:18.893 INFO]: 567 (main:2779)
[2023-12-31 14:57:18.893 INFO]: 568 (main:2779)
[2023-12-31 14:57:18.893 INFO]: 569 (main:2779)
[2023-12-31 14:57:18.893 INFO]: 570 (main:2779)
[2023-12-31 14:57:18.893 INFO]: 571 (main:2779)
[2023-12-31 14:57:18.893 INFO]: 572 (main:2779)
[2023-12-31 14:57:18.893 INFO]: 573 (main:2779)
[2023-12-31 14:57:18.893 INFO]: 574 (main:2779)
[2023-12-31 14:57:18.893 INFO]: 575 (main:2779)
[2023-12-31 14:57:18.893 INFO]: 576 (main:2779)
[2023-12-31 14:57:18.894 INFO]: 577 (main:2780)
[2023-12-31 14:57:18.894 INFO]: 578 (main:2780)
[2023-12-31 14:57:18.894 INFO]: 579 (main:2780)
[2023-12-31 14:57:18.894 INFO]: 580 (main:2780)
[2023-12-31 14:57:18.894 INFO]: 581 (main:2780)
[2023-12-31 14:57:18.894 INFO]: 582 (main:2780)
[2023-12-31 14:57:18.894 INFO]: 583 (main:2780)
[2023-12-31 14:57:18.894 INFO]: 584 (main:2780)
[2023-12-31 14:57:18.894 INFO]: 585 (main:2780)
[2023-12-31 14:57:18.894 INFO]: 586 (main:2780)
[2023-12-31 14:57:18.894 INFO]: 587 (main:2780)
[2023-12-31 14:57:18.894 INFO]: 588 (main:2780)
[2023-12-31 14:57:18.894 INFO]: 589 (main:2780)
[2023-12-31 14:57:18.894 INFO]: 590 (main:2780)
[2023-12-31 14:57:18.894 INFO]: 591 (main:2780)
[2023-12-31 14:57:18.894 INFO]: 592 (main:2780)
[2023-12-31 14:57:18.895 INFO]: 593 (main:2781)
[2023-12-31 14:57:18.895 INFO]: 594 (main:2781)
[2023-12-31 14:57:18.895 INFO]: 595 (main:2781)
[2023-12-31 14:57:18.895 INFO]: 596 (main:2781)
[2023-12-31 14:57:18.895 INFO]: 597 (main:2781)
[2023-12-31 14:57:18.896 INFO]: 598 (main:2782)
[2023-12-31 14:57:18.897 INFO]: 599 (main:2783)
[2023-12-31 14:57:18.897 INFO]: 600 (main:2783)
[2023-12-31 14:57:18.897 INFO]: 601 (main:2783)
[2023-12-31 14:57:18.897 INFO]: 602 (main:2783)
[2023-12-31 14:57:18.897 INFO]: 603 (main:2783)
[2023-12-31 14:57:18.898 INFO]: 604 (main:2784)
[2023-12-31 14:57:18.898 INFO]: 605 (main:2784)
[2023-12-31 14:57:18.898 INFO]: 606 (main:2784)
[2023-12-31 14:57:18.898 INFO]: 607 (main:2784)
[2023-12-31 14:57:18.898 INFO]: 608 (main:2784)
[2023-12-31 14:57:18.898 INFO]: 609 (main:2784)
[2023-12-31 14:57:18.898 INFO]: 610 (main:2784)
[2023-12-31 14:57:18.898 INFO]: 611 (main:2784)
[2023-12-31 14:57:18.898 INFO]: 612 (main:2784)
[2023-12-31 14:57:18.898 INFO]: 613 (main:2784)
[2023-12-31 14:57:18.898 INFO]: 614 (main:2784)
[2023-12-31 14:57:18.898 INFO]: 615 (main:2784)
[2023-12-31 14:57:18.898 INFO]: 616 (main:2784)
[2023-12-31 14:57:18.898 INFO]: 617 (main:2784)
[2023-12-31 14:57:18.898 INFO]: 618 (main:2784)
[2023-12-31 14:57:18.898 INFO]: 619 (main:2784)
[2023-12-31 14:57:18.898 INFO]: 620 (main:2784)
[2023-12-31 14:57:18.898 INFO]: 621 (main:2784)
[2023-12-31 14:57:18.898 INFO]: 622 (main:2784)
[2023-12-31 14:57:18.898 INFO]: 623 (main:2784)
[2023-12-31 14:57:18.898 INFO]: 624 (main:2784)
[2023-12-31 14:57:18.898 INFO]: 625 (main:2784)
[2023-12-31 14:57:18.898 INFO]: 626 (main:2784)
[2023-12-31 14:57:18.899 INFO]: 627 (main:2785)
[2023-12-31 14:57:18.899 INFO]: 628 (main:2785)
[2023-12-31 14:57:18.899 INFO]: 629 (main:2785)
[2023-12-31 14:57:18.899 INFO]: 630 (main:2785)
[2023-12-31 14:57:18.899 INFO]: 631 (main:2785)
[2023-12-31 14:57:18.899 INFO]: 632 (main:2785)
[2023-12-31 14:57:18.899 INFO]: 633 (main:2785)
[2023-12-31 14:57:18.899 INFO]: 634 (main:2785)
[2023-12-31 14:57:18.899 INFO]: 635 (main:2785)
[2023-12-31 14:57:18.899 INFO]: 636 (main:2785)
[2023-12-31 14:57:18.899 INFO]: 637 (main:2785)
[2023-12-31 14:57:18.899 INFO]: 638 (main:2785)
[2023-12-31 14:57:18.899 INFO]: 639 (main:2785)
[2023-12-31 14:57:18.899 INFO]: 640 (main:2785)
[2023-12-31 14:57:18.899 INFO]: 641 (main:2785)
[2023-12-31 14:57:18.899 INFO]: 642 (main:2785)
[2023-12-31 14:57:18.899 INFO]: 643 (main:2785)
[2023-12-31 14:57:18.899 INFO]: 644 (main:2785)
[2023-12-31 14:57:18.899 INFO]: 645 (main:2785)
[2023-12-31 14:57:18.899 INFO]: 646 (main:2785)
[2023-12-31 14:57:18.899 INFO]: 647 (main:2785)
[2023-12-31 14:57:18.899 INFO]: 648 (main:2785)
[2023-12-31 14:57:18.899 INFO]: 649 (main:2785)
[2023-12-31 14:57:18.900 INFO]: 650 (main:2786)
[2023-12-31 14:57:18.900 INFO]: 651 (main:2786)
[2023-12-31 14:57:18.900 INFO]: 652 (main:2786)
[2023-12-31 14:57:18.900 INFO]: 653 (main:2786)
[2023-12-31 14:57:18.900 INFO]: 654 (main:2786)
[2023-12-31 14:57:18.900 INFO]: 655 (main:2786)
[2023-12-31 14:57:18.900 INFO]: 656 (main:2786)
[2023-12-31 14:57:18.900 INFO]: 657 (main:2786)
[2023-12-31 14:57:18.900 INFO]: 658 (main:2786)
[2023-12-31 14:57:18.900 INFO]: 659 (main:2786)
[2023-12-31 14:57:18.900 INFO]: 660 (main:2786)
[2023-12-31 14:57:18.900 INFO]: 661 (main:2786)
[2023-12-31 14:57:18.900 INFO]: 662 (main:2786)
[2023-12-31 14:57:18.900 INFO]: 663 (main:2786)
[2023-12-31 14:57:18.900 INFO]: 664 (main:2786)
[2023-12-31 14:57:18.900 INFO]: 665 (main:2786)
[2023-12-31 14:57:18.900 INFO]: 666 (main:2786)
[2023-12-31 14:57:18.900 INFO]: 667 (main:2786)
[2023-12-31 14:57:18.901 INFO]: 668 (main:2787)
[2023-12-31 14:57:18.901 INFO]: 669 (main:2787)
[2023-12-31 14:57:18.901 INFO]: 670 (main:2787)
[2023-12-31 14:57:18.901 INFO]: 671 (main:2787)
[2023-12-31 14:57:18.901 INFO]: 672 (main:2787)
[2023-12-31 14:57:18.901 INFO]: 673 (main:2787)
[2023-12-31 14:57:18.901 INFO]: 674 (main:2787)
[2023-12-31 14:57:18.901 INFO]: 675 (main:2787)
[2023-12-31 14:57:18.901 INFO]: 676 (main:2787)
[2023-12-31 14:57:18.901 INFO]: 677 (main:2787)
[2023-12-31 14:57:18.902 INFO]: 678 (main:2788)
[2023-12-31 14:57:18.902 INFO]: 679 (main:2788)
[2023-12-31 14:57:18.902 INFO]: 680 (main:2788)
[2023-12-31 14:57:18.902 INFO]: 681 (main:2788)
[2023-12-31 14:57:18.902 INFO]: 682 (main:2788)
[2023-12-31 14:57:18.902 INFO]: 683 (main:2788)
[2023-12-31 14:57:18.902 INFO]: 684 (main:2788)
[2023-12-31 14:57:18.902 INFO]: 685 (main:2788)
[2023-12-31 14:57:18.902 INFO]: 686 (main:2788)
[2023-12-31 14:57:18.902 INFO]: 687 (main:2788)
[2023-12-31 14:57:18.902 INFO]: 688 (main:2788)
[2023-12-31 14:57:18.902 INFO]: 689 (main:2788)
[2023-12-31 14:57:18.902 INFO]: 690 (main:2788)
[2023-12-31 14:57:18.902 INFO]: 691 (main:2788)
[2023-12-31 14:57:18.902 INFO]: 692 (main:2788)
[2023-12-31 14:57:18.902 INFO]: 693 (main:2788)
[2023-12-31 14:57:18.902 INFO]: 694 (main:2788)
[2023-12-31 14:57:18.903 INFO]: 695 (main:2789)
[2023-12-31 14:57:18.903 INFO]: 696 (main:2789)
[2023-12-31 14:57:18.903 INFO]: 697 (main:2789)
[2023-12-31 14:57:18.903 INFO]: 698 (main:2789)
[2023-12-31 14:57:18.903 INFO]: 699 (main:2789)
[2023-12-31 14:57:18.903 INFO]: 700 (main:2789)
[2023-12-31 14:57:18.903 INFO]: 701 (main:2789)
[2023-12-31 14:57:18.903 INFO]: 702 (main:2789)
[2023-12-31 14:57:18.903 INFO]: 703 (main:2789)
[2023-12-31 14:57:18.903 INFO]: 704 (main:2789)
[2023-12-31 14:57:18.903 INFO]: 705 (main:2789)
[2023-12-31 14:57:18.903 INFO]: 706 (main:2789)
[2023-12-31 14:57:18.903 INFO]: 707 (main:2789)
[2023-12-31 14:57:18.903 INFO]: 708 (main:2789)
[2023-12-31 14:57:18.903 INFO]: 709 (main:2789)
[2023-12-31 14:57:18.903 INFO]: 710 (main:2789)
[2023-12-31 14:57:18.903 INFO]: 711 (main:2789)
[2023-12-31 14:57:18.903 INFO]: 712 (main:2789)
[2023-12-31 14:57:18.903 INFO]: 713 (main:2789)
[2023-12-31 14:57:18.903 INFO]: 714 (main:2789)
[2023-12-31 14:57:18.903 INFO]: 715 (main:2789)
[2023-12-31 14:57:18.903 INFO]: 716 (main:2789)
[2023-12-31 14:57:18.903 INFO]: 717 (main:2789)
[2023-12-31 14:57:18.903 INFO]: 718 (main:2789)
[2023-12-31 14:57:18.904 INFO]: 719 (main:2790)
[2023-12-31 14:57:18.904 INFO]: 720 (main:2790)
[2023-12-31 14:57:18.904 INFO]: 721 (main:2790)
[2023-12-31 14:57:18.904 INFO]: 722 (main:2790)
[2023-12-31 14:57:18.904 INFO]: 723 (main:2790)
[2023-12-31 14:57:18.904 INFO]: 724 (main:2790)
[2023-12-31 14:57:18.904 INFO]: 725 (main:2790)
[2023-12-31 14:57:18.904 INFO]: 726 (main:2790)
[2023-12-31 14:57:18.904 INFO]: 727 (main:2790)
[2023-12-31 14:57:18.904 INFO]: 728 (main:2790)
[2023-12-31 14:57:18.906 INFO]: 729 (main:2792)
[2023-12-31 14:57:18.906 INFO]: 730 (main:2792)
[2023-12-31 14:57:18.906 INFO]: 731 (main:2792)
[2023-12-31 14:57:18.907 INFO]: 732 (main:2793)
[2023-12-31 14:57:18.907 INFO]: 733 (main:2793)
[2023-12-31 14:57:18.907 INFO]: 734 (main:2793)
[2023-12-31 14:57:18.907 INFO]: 735 (main:2793)
[2023-12-31 14:57:18.907 INFO]: 736 (main:2793)
[2023-12-31 14:57:18.907 INFO]: 737 (main:2793)
[2023-12-31 14:57:18.907 INFO]: 738 (main:2793)
[2023-12-31 14:57:18.907 INFO]: 739 (main:2793)
[2023-12-31 14:57:18.908 INFO]: 740 (main:2794)
[2023-12-31 14:57:18.908 INFO]: 741 (main:2794)
[2023-12-31 14:57:18.908 INFO]: 742 (main:2794)
[2023-12-31 14:57:18.908 INFO]: 743 (main:2794)
[2023-12-31 14:57:18.908 INFO]: 744 (main:2794)
[2023-12-31 14:57:18.908 INFO]: 745 (main:2794)
[2023-12-31 14:57:18.908 INFO]: 746 (main:2794)
[2023-12-31 14:57:18.908 INFO]: 747 (main:2794)
[2023-12-31 14:57:18.908 INFO]: 748 (main:2794)
[2023-12-31 14:57:18.908 INFO]: 749 (main:2794)
[2023-12-31 14:57:18.908 INFO]: 750 (main:2794)
[2023-12-31 14:57:18.908 INFO]: 751 (main:2794)
[2023-12-31 14:57:18.908 INFO]: 752 (main:2794)
[2023-12-31 14:57:18.908 INFO]: 753 (main:2794)
[2023-12-31 14:57:18.909 INFO]: 754 (main:2795)
[2023-12-31 14:57:18.909 INFO]: 755 (main:2795)
[2023-12-31 14:57:18.909 INFO]: 756 (main:2795)
[2023-12-31 14:57:18.909 INFO]: 757 (main:2795)
[2023-12-31 14:57:18.909 INFO]: 758 (main:2795)
[2023-12-31 14:57:18.909 INFO]: 759 (main:2795)
[2023-12-31 14:57:18.909 INFO]: 760 (main:2795)
[2023-12-31 14:57:18.909 INFO]: 761 (main:2795)
[2023-12-31 14:57:18.909 INFO]: 762 (main:2795)
[2023-12-31 14:57:18.910 INFO]: 763 (main:2796)
[2023-12-31 14:57:18.910 INFO]: 764 (main:2796)
[2023-12-31 14:57:18.910 INFO]: 765 (main:2796)
[2023-12-31 14:57:18.910 INFO]: 766 (main:2796)
[2023-12-31 14:57:18.910 INFO]: 767 (main:2796)
[2023-12-31 14:57:18.910 INFO]: 768 (main:2796)
[2023-12-31 14:57:18.910 INFO]: 769 (main:2796)
[2023-12-31 14:57:18.910 INFO]: 770 (main:2796)
[2023-12-31 14:57:18.910 INFO]: 771 (main:2796)
[2023-12-31 14:57:18.910 INFO]: 772 (main:2796)
[2023-12-31 14:57:18.910 INFO]: 773 (main:2796)
[2023-12-31 14:57:18.910 INFO]: 774 (main:2796)
[2023-12-31 14:57:18.910 INFO]: 775 (main:2796)
[2023-12-31 14:57:18.910 INFO]: 776 (main:2796)
[2023-12-31 14:57:18.910 INFO]: 777 (main:2796)
[2023-12-31 14:57:18.910 INFO]: 778 (main:2796)
[2023-12-31 14:57:18.910 INFO]: 779 (main:2796)
[2023-12-31 14:57:18.910 INFO]: 780 (main:2796)
[2023-12-31 14:57:18.910 INFO]: 781 (main:2796)
[2023-12-31 14:57:18.910 INFO]: 782 (main:2796)
[2023-12-31 14:57:18.911 INFO]: 783 (main:2797)
[2023-12-31 14:57:18.911 INFO]: 784 (main:2797)
[2023-12-31 14:57:18.911 INFO]: 785 (main:2797)
[2023-12-31 14:57:18.911 INFO]: 786 (main:2797)
[2023-12-31 14:57:18.911 INFO]: 787 (main:2797)
[2023-12-31 14:57:18.911 INFO]: 788 (main:2797)
[2023-12-31 14:57:18.911 INFO]: 789 (main:2797)
[2023-12-31 14:57:18.911 INFO]: 790 (main:2797)
[2023-12-31 14:57:18.911 INFO]: 791 (main:2797)
[2023-12-31 14:57:18.911 INFO]: 792 (main:2797)
[2023-12-31 14:57:18.911 INFO]: 793 (main:2797)
[2023-12-31 14:57:18.911 INFO]: 794 (main:2797)
[2023-12-31 14:57:18.911 INFO]: 795 (main:2797)
[2023-12-31 14:57:18.911 INFO]: 796 (main:2797)
[2023-12-31 14:57:18.911 INFO]: 797 (main:2797)
[2023-12-31 14:57:18.911 INFO]: 798 (main:2797)
[2023-12-31 14:57:18.911 INFO]: 799 (main:2797)
[2023-12-31 14:57:18.911 INFO]: 800 (main:2797)
[2023-12-31 14:57:18.911 INFO]: 801 (main:2797)
[2023-12-31 14:57:18.911 INFO]: 802 (main:2797)
[2023-12-31 14:57:18.911 INFO]: 803 (main:2797)
[2023-12-31 14:57:18.911 INFO]: 804 (main:2797)
[2023-12-31 14:57:18.911 INFO]: 805 (main:2797)
[2023-12-31 14:57:18.911 INFO]: 806 (main:2797)
[2023-12-31 14:57:18.911 INFO]: 807 (main:2797)
[2023-12-31 14:57:18.911 INFO]: 808 (main:2797)
[2023-12-31 14:57:18.911 INFO]: 809 (main:2797)
[2023-12-31 14:57:18.911 INFO]: 810 (main:2797)
[2023-12-31 14:57:18.912 INFO]: 811 (main:2798)
[2023-12-31 14:57:18.912 INFO]: 812 (main:2798)
[2023-12-31 14:57:18.912 INFO]: 813 (main:2798)
[2023-12-31 14:57:18.912 INFO]: 814 (main:2798)
[2023-12-31 14:57:18.913 INFO]: 815 (main:2799)
[2023-12-31 14:57:18.913 INFO]: 816 (main:2799)
[2023-12-31 14:57:18.913 INFO]: 817 (main:2799)
[2023-12-31 14:57:18.914 INFO]: 818 (main:2800)
[2023-12-31 14:57:18.914 INFO]: 819 (main:2800)
[2023-12-31 14:57:18.914 INFO]: 820 (main:2800)
[2023-12-31 14:57:18.914 INFO]: 821 (main:2800)
[2023-12-31 14:57:18.914 INFO]: 822 (main:2800)
[2023-12-31 14:57:18.914 INFO]: 823 (main:2800)
[2023-12-31 14:57:18.914 INFO]: 824 (main:2800)
[2023-12-31 14:57:18.914 INFO]: 825 (main:2800)
[2023-12-31 14:57:18.914 INFO]: 826 (main:2800)
[2023-12-31 14:57:18.914 INFO]: 827 (main:2800)
[2023-12-31 14:57:18.914 INFO]: 828 (main:2800)
[2023-12-31 14:57:18.915 INFO]: 829 (main:2801)
[2023-12-31 14:57:18.915 INFO]: 830 (main:2801)
[2023-12-31 14:57:18.915 INFO]: 831 (main:2801)
[2023-12-31 14:57:18.915 INFO]: 832 (main:2801)
[2023-12-31 14:57:18.915 INFO]: 833 (main:2801)
[2023-12-31 14:57:18.915 INFO]: 834 (main:2801)
[2023-12-31 14:57:18.915 INFO]: 835 (main:2801)
[2023-12-31 14:57:18.915 INFO]: 836 (main:2801)
[2023-12-31 14:57:18.916 INFO]: 837 (main:2802)
[2023-12-31 14:57:18.916 INFO]: 838 (main:2802)
[2023-12-31 14:57:18.916 INFO]: 839 (main:2802)
[2023-12-31 14:57:18.916 INFO]: 840 (main:2802)
[2023-12-31 14:57:18.916 INFO]: 841 (main:2802)
[2023-12-31 14:57:18.916 INFO]: 842 (main:2802)
[2023-12-31 14:57:18.916 INFO]: 843 (main:2802)
[2023-12-31 14:57:18.916 INFO]: 844 (main:2802)
[2023-12-31 14:57:18.916 INFO]: 845 (main:2802)
[2023-12-31 14:57:18.917 INFO]: 846 (main:2803)
[2023-12-31 14:57:18.917 INFO]: 847 (main:2803)
[2023-12-31 14:57:18.917 INFO]: 848 (main:2803)
[2023-12-31 14:57:18.917 INFO]: 849 (main:2803)
[2023-12-31 14:57:18.917 INFO]: 850 (main:2803)
[2023-12-31 14:57:18.917 INFO]: 851 (main:2803)
[2023-12-31 14:57:18.917 INFO]: 852 (main:2803)
[2023-12-31 14:57:18.917 INFO]: 853 (main:2803)
[2023-12-31 14:57:18.917 INFO]: 854 (main:2803)
[2023-12-31 14:57:18.917 INFO]: 855 (main:2803)
[2023-12-31 14:57:18.917 INFO]: 856 (main:2803)
[2023-12-31 14:57:18.917 INFO]: 857 (main:2803)
[2023-12-31 14:57:18.917 INFO]: 858 (main:2803)
[2023-12-31 14:57:18.917 INFO]: 859 (main:2803)
[2023-12-31 14:57:18.917 INFO]: 860 (main:2803)
[2023-12-31 14:57:18.917 INFO]: 861 (main:2803)
[2023-12-31 14:57:18.917 INFO]: 862 (main:2803)
[2023-12-31 14:57:18.917 INFO]: 863 (main:2803)
[2023-12-31 14:57:18.917 INFO]: 864 (main:2803)
[2023-12-31 14:57:18.917 INFO]: 865 (main:2803)
[2023-12-31 14:57:18.917 INFO]: 866 (main:2803)
[2023-12-31 14:57:18.917 INFO]: 867 (main:2803)
[2023-12-31 14:57:18.917 INFO]: 868 (main:2803)
[2023-12-31 14:57:18.917 INFO]: 869 (main:2803)
[2023-12-31 14:57:18.917 INFO]: 870 (main:2803)
[2023-12-31 14:57:18.917 INFO]: 871 (main:2803)
[2023-12-31 14:57:18.917 INFO]: 872 (main:2803)
[2023-12-31 14:57:18.917 INFO]: 873 (main:2803)
[2023-12-31 14:57:18.917 INFO]: 874 (main:2803)
[2023-12-31 14:57:18.917 INFO]: 875 (main:2803)
[2023-12-31 14:57:18.917 INFO]: 876 (main:2803)
[2023-12-31 14:57:18.917 INFO]: 877 (main:2803)
[2023-12-31 14:57:18.918 INFO]: 878 (main:2804)
[2023-12-31 14:57:18.918 INFO]: 879 (main:2804)
[2023-12-31 14:57:18.918 INFO]: 880 (main:2804)
[2023-12-31 14:57:18.918 INFO]: 881 (main:2804)
[2023-12-31 14:57:18.918 INFO]: 882 (main:2804)
[2023-12-31 14:57:18.918 INFO]: 883 (main:2804)
[2023-12-31 14:57:18.918 INFO]: 884 (main:2804)
[2023-12-31 14:57:18.918 INFO]: 885 (main:2804)
[2023-12-31 14:57:18.918 INFO]: 886 (main:2804)
[2023-12-31 14:57:18.918 INFO]: 887 (main:2804)
[2023-12-31 14:57:18.918 INFO]: 888 (main:2804)
[2023-12-31 14:57:18.918 INFO]: 889 (main:2804)
[2023-12-31 14:57:18.918 INFO]: 890 (main:2804)
[2023-12-31 14:57:18.918 INFO]: 891 (main:2804)
[2023-12-31 14:57:18.918 INFO]: 892 (main:2804)
[2023-12-31 14:57:18.918 INFO]: 893 (main:2804)
[2023-12-31 14:57:18.918 INFO]: 894 (main:2804)
[2023-12-31 14:57:18.918 INFO]: 895 (main:2804)
[2023-12-31 14:57:18.918 INFO]: 896 (main:2804)
[2023-12-31 14:57:18.918 INFO]: 897 (main:2804)
[2023-12-31 14:57:18.918 INFO]: 898 (main:2804)
[2023-12-31 14:57:18.918 INFO]: 899 (main:2804)
[2023-12-31 14:57:18.918 INFO]: 900 (main:2804)
[2023-12-31 14:57:18.918 INFO]: 901 (main:2804)
[2023-12-31 14:57:18.918 INFO]: 902 (main:2804)
[2023-12-31 14:57:18.919 INFO]: 903 (main:2805)
[2023-12-31 14:57:18.919 INFO]: 904 (main:2805)
[2023-12-31 14:57:18.919 INFO]: 905 (main:2805)
[2023-12-31 14:57:18.919 INFO]: 906 (main:2805)
[2023-12-31 14:57:18.919 INFO]: 907 (main:2805)
[2023-12-31 14:57:18.919 INFO]: 908 (main:2805)
[2023-12-31 14:57:18.919 INFO]: 909 (main:2805)
[2023-12-31 14:57:18.919 INFO]: 910 (main:2805)
[2023-12-31 14:57:18.919 INFO]: 911 (main:2805)
[2023-12-31 14:57:18.919 INFO]: 912 (main:2805)
[2023-12-31 14:57:18.919 INFO]: 913 (main:2805)
[2023-12-31 14:57:18.919 INFO]: 914 (main:2805)
[2023-12-31 14:57:18.919 INFO]: 915 (main:2805)
[2023-12-31 14:57:18.919 INFO]: 916 (main:2805)
[2023-12-31 14:57:18.919 INFO]: 917 (main:2805)
[2023-12-31 14:57:18.919 INFO]: 918 (main:2805)
[2023-12-31 14:57:18.919 INFO]: 919 (main:2805)
[2023-12-31 14:57:18.919 INFO]: 920 (main:2805)
[2023-12-31 14:57:18.919 INFO]: 921 (main:2805)
[2023-12-31 14:57:18.919 INFO]: 922 (main:2805)
[2023-12-31 14:57:18.919 INFO]: 923 (main:2805)
[2023-12-31 14:57:18.919 INFO]: 924 (main:2805)
[2023-12-31 14:57:18.919 INFO]: 925 (main:2805)
[2023-12-31 14:57:18.919 INFO]: 926 (main:2805)
[2023-12-31 14:57:18.919 INFO]: 927 (main:2805)
[2023-12-31 14:57:18.919 INFO]: 928 (main:2805)
[2023-12-31 14:57:18.919 INFO]: 929 (main:2805)
[2023-12-31 14:57:18.919 INFO]: 930 (main:2805)
[2023-12-31 14:57:18.919 INFO]: 931 (main:2805)
[2023-12-31 14:57:18.919 INFO]: 932 (main:2805)
[2023-12-31 14:57:18.919 INFO]: 933 (main:2805)
[2023-12-31 14:57:18.919 INFO]: 934 (main:2805)
[2023-12-31 14:57:18.919 INFO]: 935 (main:2805)
[2023-12-31 14:57:18.919 INFO]: 936 (main:2805)
[2023-12-31 14:57:18.919 INFO]: 937 (main:2805)
[2023-12-31 14:57:18.920 INFO]: 938 (main:2806)
[2023-12-31 14:57:18.920 INFO]: 939 (main:2806)
[2023-12-31 14:57:18.920 INFO]: 940 (main:2806)
[2023-12-31 14:57:18.920 INFO]: 941 (main:2806)
[2023-12-31 14:57:18.920 INFO]: 942 (main:2806)
[2023-12-31 14:57:18.920 INFO]: 943 (main:2806)
[2023-12-31 14:57:18.920 INFO]: 944 (main:2806)
[2023-12-31 14:57:18.920 INFO]: 945 (main:2806)
[2023-12-31 14:57:18.920 INFO]: 946 (main:2806)
[2023-12-31 14:57:18.920 INFO]: 947 (main:2806)
[2023-12-31 14:57:18.920 INFO]: 948 (main:2806)
[2023-12-31 14:57:18.920 INFO]: 949 (main:2806)
[2023-12-31 14:57:18.920 INFO]: 950 (main:2806)
[2023-12-31 14:57:18.920 INFO]: 951 (main:2806)
[2023-12-31 14:57:18.920 INFO]: 952 (main:2806)
[2023-12-31 14:57:18.920 INFO]: 953 (main:2806)
[2023-12-31 14:57:18.920 INFO]: 954 (main:2806)
[2023-12-31 14:57:18.920 INFO]: 955 (main:2806)
[2023-12-31 14:57:18.921 INFO]: 956 (main:2807)
[2023-12-31 14:57:18.921 INFO]: 957 (main:2807)
[2023-12-31 14:57:18.921 INFO]: 958 (main:2807)
[2023-12-31 14:57:18.922 INFO]: 959 (main:2808)
[2023-12-31 14:57:18.922 INFO]: 960 (main:2808)
[2023-12-31 14:57:18.922 INFO]: 961 (main:2808)
[2023-12-31 14:57:18.923 INFO]: 962 (main:2809)
[2023-12-31 14:57:18.923 INFO]: 963 (main:2809)
[2023-12-31 14:57:18.923 INFO]: 964 (main:2809)
[2023-12-31 14:57:18.923 INFO]: 965 (main:2809)
[2023-12-31 14:57:18.923 INFO]: 966 (main:2809)
[2023-12-31 14:57:18.923 INFO]: 967 (main:2809)
[2023-12-31 14:57:18.923 INFO]: 968 (main:2809)
[2023-12-31 14:57:18.923 INFO]: 969 (main:2809)
[2023-12-31 14:57:18.923 INFO]: 970 (main:2809)
[2023-12-31 14:57:18.924 INFO]: 971 (main:2810)
[2023-12-31 14:57:18.924 INFO]: 972 (main:2810)
[2023-12-31 14:57:18.925 INFO]: 973 (main:2811)
[2023-12-31 14:57:18.925 INFO]: 974 (main:2811)
[2023-12-31 14:57:18.925 INFO]: 975 (main:2811)
[2023-12-31 14:57:18.925 INFO]: 976 (main:2811)
[2023-12-31 14:57:18.925 INFO]: 977 (main:2811)
[2023-12-31 14:57:18.926 INFO]: 978 (main:2812)
[2023-12-31 14:57:18.926 INFO]: 979 (main:2812)
[2023-12-31 14:57:18.926 INFO]: 980 (main:2812)
[2023-12-31 14:57:18.926 INFO]: 981 (main:2812)
[2023-12-31 14:57:18.926 INFO]: 982 (main:2812)
[2023-12-31 14:57:18.926 INFO]: 983 (main:2812)
[2023-12-31 14:57:18.926 INFO]: 984 (main:2812)
[2023-12-31 14:57:18.926 INFO]: 985 (main:2812)
[2023-12-31 14:57:18.926 INFO]: 986 (main:2812)
[2023-12-31 14:57:18.926 INFO]: 987 (main:2812)
[2023-12-31 14:57:18.927 INFO]: 988 (main:2813)
[2023-12-31 14:57:18.927 INFO]: 989 (main:2813)
[2023-12-31 14:57:18.927 INFO]: 990 (main:2813)
[2023-12-31 14:57:18.927 INFO]: 991 (main:2813)
[2023-12-31 14:57:18.927 INFO]: 992 (main:2813)
[2023-12-31 14:57:18.927 INFO]: 993 (main:2813)
[2023-12-31 14:57:18.927 INFO]: 994 (main:2813)
[2023-12-31 14:57:18.927 INFO]: 995 (main:2813)
[2023-12-31 14:57:18.927 INFO]: 996 (main:2813)
[2023-12-31 14:57:18.927 INFO]: 997 (main:2813)
[2023-12-31 14:57:18.927 INFO]: 998 (main:2813)
[2023-12-31 14:57:18.927 INFO]: 999 (main:2813)
